   1              		.cpu cortex-m0
   2              		.fpu softvfp
   3              		.eabi_attribute 20, 1
   4              		.eabi_attribute 21, 1
   5              		.eabi_attribute 23, 3
   6              		.eabi_attribute 24, 1
   7              		.eabi_attribute 25, 1
   8              		.eabi_attribute 26, 1
   9              		.eabi_attribute 30, 6
  10              		.eabi_attribute 34, 0
  11              		.eabi_attribute 18, 4
  12              		.code	16
  13              		.file	"Events.c"
  14              		.text
  15              	.Ltext0:
  16              		.cfi_sections	.debug_frame
  17              		.section	.text.Cpu_OnNMIINT,"ax",%progbits
  18              		.align	2
  19              		.global	Cpu_OnNMIINT
  20              		.code	16
  21              		.thumb_func
  23              	Cpu_OnNMIINT:
  24              	.LFB0:
  25              		.file 1 "../Sources/Events.c"
   1:../Sources/Events.c **** /** ###################################################################
   2:../Sources/Events.c **** **     Filename    : Events.c
   3:../Sources/Events.c **** **     Project     : ProcessorExpert
   4:../Sources/Events.c **** **     Processor   : MKL25Z128VLK4
   5:../Sources/Events.c **** **     Component   : Events
   6:../Sources/Events.c **** **     Version     : Driver 01.00
   7:../Sources/Events.c **** **     Compiler    : GNU C Compiler
   8:../Sources/Events.c **** **     Date/Time   : 2013-02-15, 14:02, # CodeGen: 0
   9:../Sources/Events.c **** **     Abstract    :
  10:../Sources/Events.c **** **         This is user's event module.
  11:../Sources/Events.c **** **         Put your event handler code here.
  12:../Sources/Events.c **** **     Settings    :
  13:../Sources/Events.c **** **     Contents    :
  14:../Sources/Events.c **** **         Cpu_OnNMIINT - void Cpu_OnNMIINT(void);
  15:../Sources/Events.c **** **
  16:../Sources/Events.c **** ** ###################################################################*/
  17:../Sources/Events.c **** /* MODULE Events */
  18:../Sources/Events.c **** 
  19:../Sources/Events.c **** #include "Cpu.h"
  20:../Sources/Events.c **** #include "Events.h"
  21:../Sources/Events.c **** #include "mqx_tasks.h"
  22:../Sources/Events.c **** 
  23:../Sources/Events.c **** /* User includes (#include below this line is not maintained by Processor Expert) */
  24:../Sources/Events.c **** 
  25:../Sources/Events.c **** /*
  26:../Sources/Events.c **** ** ===================================================================
  27:../Sources/Events.c **** **     Event       :  Cpu_OnNMIINT (module Events)
  28:../Sources/Events.c **** **
  29:../Sources/Events.c **** **     Component   :  Cpu [MKL25Z128LK4]
  30:../Sources/Events.c **** **     Description :
  31:../Sources/Events.c **** **         This event is called when the Non maskable interrupt had
  32:../Sources/Events.c **** **         occurred. This event is automatically enabled when the <NMI
  33:../Sources/Events.c **** **         interrrupt> property is set to 'Enabled'.
  34:../Sources/Events.c **** **     Parameters  : None
  35:../Sources/Events.c **** **     Returns     : Nothing
  36:../Sources/Events.c **** ** ===================================================================
  37:../Sources/Events.c **** */
  38:../Sources/Events.c **** void Cpu_OnNMIINT(void)
  39:../Sources/Events.c **** {
  26              		.loc 1 39 0
  27              		.cfi_startproc
  28 0000 80B5     		push	{r7, lr}
  29              	.LCFI0:
  30              		.cfi_def_cfa_offset 8
  31              		.cfi_offset 7, -8
  32              		.cfi_offset 14, -4
  33 0002 00AF     		add	r7, sp, #0
  34              	.LCFI1:
  35              		.cfi_def_cfa_register 7
  40:../Sources/Events.c ****   /* Write your code here ... */
  41:../Sources/Events.c **** }
  36              		.loc 1 41 0
  37 0004 BD46     		mov	sp, r7
  38              		@ sp needed for prologue
  39 0006 80BD     		pop	{r7, pc}
  40              		.cfi_endproc
  41              	.LFE0:
  43              		.section	.text.DrvI2c0_OnMasterBlockSent,"ax",%progbits
  44              		.align	2
  45              		.global	DrvI2c0_OnMasterBlockSent
  46              		.code	16
  47              		.thumb_func
  49              	DrvI2c0_OnMasterBlockSent:
  50              	.LFB1:
  42:../Sources/Events.c **** 
  43:../Sources/Events.c **** /*
  44:../Sources/Events.c **** ** ===================================================================
  45:../Sources/Events.c **** **     Event       :  DrvI2c0_OnMasterBlockSent (module Events)
  46:../Sources/Events.c **** **
  47:../Sources/Events.c **** **     Component   :  DrvI2c0 [I2C_LDD]
  48:../Sources/Events.c **** **     Description :
  49:../Sources/Events.c **** **         This event is called when I2C in master mode finishes the
  50:../Sources/Events.c **** **         transmission of the data successfully. This event is not
  51:../Sources/Events.c **** **         available for the SLAVE mode and if MasterSendBlock is
  52:../Sources/Events.c **** **         disabled. 
  53:../Sources/Events.c **** **     Parameters  :
  54:../Sources/Events.c **** **         NAME            - DESCRIPTION
  55:../Sources/Events.c **** **       * UserDataPtr     - Pointer to the user or
  56:../Sources/Events.c **** **                           RTOS specific data. This pointer is passed
  57:../Sources/Events.c **** **                           as the parameter of Init method.
  58:../Sources/Events.c **** **     Returns     : Nothing
  59:../Sources/Events.c **** ** ===================================================================
  60:../Sources/Events.c **** */
  61:../Sources/Events.c **** void DrvI2c0_OnMasterBlockSent(LDD_TUserData *UserDataPtr)
  62:../Sources/Events.c **** {
  51              		.loc 1 62 0
  52              		.cfi_startproc
  53 0000 80B5     		push	{r7, lr}
  54              	.LCFI2:
  55              		.cfi_def_cfa_offset 8
  56              		.cfi_offset 7, -8
  57              		.cfi_offset 14, -4
  58 0002 84B0     		sub	sp, sp, #16
  59              	.LCFI3:
  60              		.cfi_def_cfa_offset 24
  61 0004 00AF     		add	r7, sp, #0
  62              	.LCFI4:
  63              		.cfi_def_cfa_register 7
  64 0006 7860     		str	r0, [r7, #4]
  63:../Sources/Events.c ****   /* Write your code here ... */
  64:../Sources/Events.c **** 	TDataState *I2c0_DataState = (TDataState*)UserDataPtr;
  65              		.loc 1 64 0
  66 0008 7B68     		ldr	r3, [r7, #4]
  67 000a FB60     		str	r3, [r7, #12]
  65:../Sources/Events.c **** 	I2c0_DataState->Sent = TRUE;
  68              		.loc 1 65 0
  69 000c FB68     		ldr	r3, [r7, #12]
  70 000e 0122     		mov	r2, #1
  71 0010 1A70     		strb	r2, [r3]
  66:../Sources/Events.c **** }
  72              		.loc 1 66 0
  73 0012 BD46     		mov	sp, r7
  74 0014 04B0     		add	sp, sp, #16
  75              		@ sp needed for prologue
  76 0016 80BD     		pop	{r7, pc}
  77              		.cfi_endproc
  78              	.LFE1:
  80              		.section	.text.DrvI2c0_OnMasterBlockReceived,"ax",%progbits
  81              		.align	2
  82              		.global	DrvI2c0_OnMasterBlockReceived
  83              		.code	16
  84              		.thumb_func
  86              	DrvI2c0_OnMasterBlockReceived:
  87              	.LFB2:
  67:../Sources/Events.c **** 
  68:../Sources/Events.c **** /*
  69:../Sources/Events.c **** ** ===================================================================
  70:../Sources/Events.c **** **     Event       :  DrvI2c0_OnMasterBlockReceived (module Events)
  71:../Sources/Events.c **** **
  72:../Sources/Events.c **** **     Component   :  DrvI2c0 [I2C_LDD]
  73:../Sources/Events.c **** **     Description :
  74:../Sources/Events.c **** **         This event is called when I2C is in master mode and finishes
  75:../Sources/Events.c **** **         the reception of the data successfully. This event is not
  76:../Sources/Events.c **** **         available for the SLAVE mode and if MasterReceiveBlock is
  77:../Sources/Events.c **** **         disabled.
  78:../Sources/Events.c **** **     Parameters  :
  79:../Sources/Events.c **** **         NAME            - DESCRIPTION
  80:../Sources/Events.c **** **       * UserDataPtr     - Pointer to the user or
  81:../Sources/Events.c **** **                           RTOS specific data. This pointer is passed
  82:../Sources/Events.c **** **                           as the parameter of Init method.
  83:../Sources/Events.c **** **     Returns     : Nothing
  84:../Sources/Events.c **** ** ===================================================================
  85:../Sources/Events.c **** */
  86:../Sources/Events.c **** void DrvI2c0_OnMasterBlockReceived(LDD_TUserData *UserDataPtr)
  87:../Sources/Events.c **** {
  88              		.loc 1 87 0
  89              		.cfi_startproc
  90 0000 80B5     		push	{r7, lr}
  91              	.LCFI5:
  92              		.cfi_def_cfa_offset 8
  93              		.cfi_offset 7, -8
  94              		.cfi_offset 14, -4
  95 0002 84B0     		sub	sp, sp, #16
  96              	.LCFI6:
  97              		.cfi_def_cfa_offset 24
  98 0004 00AF     		add	r7, sp, #0
  99              	.LCFI7:
 100              		.cfi_def_cfa_register 7
 101 0006 7860     		str	r0, [r7, #4]
  88:../Sources/Events.c ****   /* Write your code here ... */
  89:../Sources/Events.c **** 	TDataState *I2c0_DataState = (TDataState*)UserDataPtr;
 102              		.loc 1 89 0
 103 0008 7B68     		ldr	r3, [r7, #4]
 104 000a FB60     		str	r3, [r7, #12]
  90:../Sources/Events.c **** 	I2c0_DataState->Received = TRUE;
 105              		.loc 1 90 0
 106 000c FB68     		ldr	r3, [r7, #12]
 107 000e 0122     		mov	r2, #1
 108 0010 5A70     		strb	r2, [r3, #1]
  91:../Sources/Events.c **** }
 109              		.loc 1 91 0
 110 0012 BD46     		mov	sp, r7
 111 0014 04B0     		add	sp, sp, #16
 112              		@ sp needed for prologue
 113 0016 80BD     		pop	{r7, pc}
 114              		.cfi_endproc
 115              	.LFE2:
 117              		.section	.text.DrvI2c0_OnError,"ax",%progbits
 118              		.align	2
 119              		.global	DrvI2c0_OnError
 120              		.code	16
 121              		.thumb_func
 123              	DrvI2c0_OnError:
 124              	.LFB3:
  92:../Sources/Events.c **** 
  93:../Sources/Events.c **** /*
  94:../Sources/Events.c **** ** ===================================================================
  95:../Sources/Events.c **** **     Event       :  DrvI2c0_OnError (module Events)
  96:../Sources/Events.c **** **
  97:../Sources/Events.c **** **     Component   :  DrvI2c0 [I2C_LDD]
  98:../Sources/Events.c **** **     Description :
  99:../Sources/Events.c **** **         This event is called when an error (e.g. Arbitration lost)
 100:../Sources/Events.c **** **         occurs. The errors can be read with GetError method.
 101:../Sources/Events.c **** **     Parameters  :
 102:../Sources/Events.c **** **         NAME            - DESCRIPTION
 103:../Sources/Events.c **** **       * UserDataPtr     - Pointer to the user or
 104:../Sources/Events.c **** **                           RTOS specific data. This pointer is passed
 105:../Sources/Events.c **** **                           as the parameter of Init method.
 106:../Sources/Events.c **** **     Returns     : Nothing
 107:../Sources/Events.c **** ** ===================================================================
 108:../Sources/Events.c **** */
 109:../Sources/Events.c **** void DrvI2c0_OnError(LDD_TUserData *UserDataPtr)
 110:../Sources/Events.c **** {
 125              		.loc 1 110 0
 126              		.cfi_startproc
 127 0000 80B5     		push	{r7, lr}
 128              	.LCFI8:
 129              		.cfi_def_cfa_offset 8
 130              		.cfi_offset 7, -8
 131              		.cfi_offset 14, -4
 132 0002 82B0     		sub	sp, sp, #8
 133              	.LCFI9:
 134              		.cfi_def_cfa_offset 16
 135 0004 00AF     		add	r7, sp, #0
 136              	.LCFI10:
 137              		.cfi_def_cfa_register 7
 138 0006 7860     		str	r0, [r7, #4]
 111:../Sources/Events.c ****   /* Write your code here ... */
 112:../Sources/Events.c **** }
 139              		.loc 1 112 0
 140 0008 BD46     		mov	sp, r7
 141 000a 02B0     		add	sp, sp, #8
 142              		@ sp needed for prologue
 143 000c 80BD     		pop	{r7, pc}
 144              		.cfi_endproc
 145              	.LFE3:
 147 000e C046     		.section	.text.DrvPwmTimerRG_OnCounterRestart,"ax",%progbits
 148              		.align	2
 149              		.global	DrvPwmTimerRG_OnCounterRestart
 150              		.code	16
 151              		.thumb_func
 153              	DrvPwmTimerRG_OnCounterRestart:
 154              	.LFB4:
 113:../Sources/Events.c **** 
 114:../Sources/Events.c **** /*
 115:../Sources/Events.c **** ** ===================================================================
 116:../Sources/Events.c **** **     Event       :  DrvPwmTimerRG_OnCounterRestart (module Events)
 117:../Sources/Events.c **** **
 118:../Sources/Events.c **** **     Component   :  DrvPwmTimerRG [TimerUnit_LDD]
 119:../Sources/Events.c **** **     Description :
 120:../Sources/Events.c **** **         Called if counter overflow/underflow or counter is
 121:../Sources/Events.c **** **         reinitialized by modulo or compare register matching.
 122:../Sources/Events.c **** **         OnCounterRestart event and Timer unit must be enabled. See
 123:../Sources/Events.c **** **         <SetEventMask> and <GetEventMask> methods. This event is
 124:../Sources/Events.c **** **         available only if a <Interrupt> is enabled.
 125:../Sources/Events.c **** **     Parameters  :
 126:../Sources/Events.c **** **         NAME            - DESCRIPTION
 127:../Sources/Events.c **** **       * UserDataPtr     - Pointer to the user or
 128:../Sources/Events.c **** **                           RTOS specific data. The pointer passed as
 129:../Sources/Events.c **** **                           the parameter of Init method.
 130:../Sources/Events.c **** **     Returns     : Nothing
 131:../Sources/Events.c **** ** ===================================================================
 132:../Sources/Events.c **** */
 133:../Sources/Events.c **** void DrvPwmTimerRG_OnCounterRestart(LDD_TUserData *UserDataPtr)
 134:../Sources/Events.c **** {
 155              		.loc 1 134 0
 156              		.cfi_startproc
 157 0000 80B5     		push	{r7, lr}
 158              	.LCFI11:
 159              		.cfi_def_cfa_offset 8
 160              		.cfi_offset 7, -8
 161              		.cfi_offset 14, -4
 162 0002 82B0     		sub	sp, sp, #8
 163              	.LCFI12:
 164              		.cfi_def_cfa_offset 16
 165 0004 00AF     		add	r7, sp, #0
 166              	.LCFI13:
 167              		.cfi_def_cfa_register 7
 168 0006 7860     		str	r0, [r7, #4]
 135:../Sources/Events.c ****   /* Write your code here ... */
 136:../Sources/Events.c **** }
 169              		.loc 1 136 0
 170 0008 BD46     		mov	sp, r7
 171 000a 02B0     		add	sp, sp, #8
 172              		@ sp needed for prologue
 173 000c 80BD     		pop	{r7, pc}
 174              		.cfi_endproc
 175              	.LFE4:
 177 000e C046     		.section	.text.DrvPwmTimerRG_OnChannel0,"ax",%progbits
 178              		.align	2
 179              		.global	DrvPwmTimerRG_OnChannel0
 180              		.code	16
 181              		.thumb_func
 183              	DrvPwmTimerRG_OnChannel0:
 184              	.LFB5:
 137:../Sources/Events.c **** 
 138:../Sources/Events.c **** /*
 139:../Sources/Events.c **** ** ===================================================================
 140:../Sources/Events.c **** **     Event       :  DrvPwmTimerRG_OnChannel0 (module Events)
 141:../Sources/Events.c **** **
 142:../Sources/Events.c **** **     Component   :  DrvPwmTimerRG [TimerUnit_LDD]
 143:../Sources/Events.c **** **     Description :
 144:../Sources/Events.c **** **         Called if compare register match the counter registers or
 145:../Sources/Events.c **** **         capture register has a new content. OnChannel0 event and
 146:../Sources/Events.c **** **         Timer unit must be enabled. See <SetEventMask> and
 147:../Sources/Events.c **** **         <GetEventMask> methods. This event is available only if a
 148:../Sources/Events.c **** **         <Interrupt> is enabled.
 149:../Sources/Events.c **** **     Parameters  :
 150:../Sources/Events.c **** **         NAME            - DESCRIPTION
 151:../Sources/Events.c **** **       * UserDataPtr     - Pointer to the user or
 152:../Sources/Events.c **** **                           RTOS specific data. The pointer passed as
 153:../Sources/Events.c **** **                           the parameter of Init method.
 154:../Sources/Events.c **** **     Returns     : Nothing
 155:../Sources/Events.c **** ** ===================================================================
 156:../Sources/Events.c **** */
 157:../Sources/Events.c **** void DrvPwmTimerRG_OnChannel0(LDD_TUserData *UserDataPtr)
 158:../Sources/Events.c **** {
 185              		.loc 1 158 0
 186              		.cfi_startproc
 187 0000 80B5     		push	{r7, lr}
 188              	.LCFI14:
 189              		.cfi_def_cfa_offset 8
 190              		.cfi_offset 7, -8
 191              		.cfi_offset 14, -4
 192 0002 82B0     		sub	sp, sp, #8
 193              	.LCFI15:
 194              		.cfi_def_cfa_offset 16
 195 0004 00AF     		add	r7, sp, #0
 196              	.LCFI16:
 197              		.cfi_def_cfa_register 7
 198 0006 7860     		str	r0, [r7, #4]
 159:../Sources/Events.c ****   /* Write your code here ... */
 160:../Sources/Events.c **** }
 199              		.loc 1 160 0
 200 0008 BD46     		mov	sp, r7
 201 000a 02B0     		add	sp, sp, #8
 202              		@ sp needed for prologue
 203 000c 80BD     		pop	{r7, pc}
 204              		.cfi_endproc
 205              	.LFE5:
 207 000e C046     		.section	.text.DrvI2c1_OnMasterBlockSent,"ax",%progbits
 208              		.align	2
 209              		.global	DrvI2c1_OnMasterBlockSent
 210              		.code	16
 211              		.thumb_func
 213              	DrvI2c1_OnMasterBlockSent:
 214              	.LFB6:
 161:../Sources/Events.c **** 
 162:../Sources/Events.c **** /*
 163:../Sources/Events.c **** ** ===================================================================
 164:../Sources/Events.c **** **     Event       :  DrvI2c1_OnMasterBlockSent (module Events)
 165:../Sources/Events.c **** **
 166:../Sources/Events.c **** **     Component   :  DrvI2c1 [I2C_LDD]
 167:../Sources/Events.c **** **     Description :
 168:../Sources/Events.c **** **         This event is called when I2C in master mode finishes the
 169:../Sources/Events.c **** **         transmission of the data successfully. This event is not
 170:../Sources/Events.c **** **         available for the SLAVE mode and if MasterSendBlock is
 171:../Sources/Events.c **** **         disabled. 
 172:../Sources/Events.c **** **     Parameters  :
 173:../Sources/Events.c **** **         NAME            - DESCRIPTION
 174:../Sources/Events.c **** **       * UserDataPtr     - Pointer to the user or
 175:../Sources/Events.c **** **                           RTOS specific data. This pointer is passed
 176:../Sources/Events.c **** **                           as the parameter of Init method.
 177:../Sources/Events.c **** **     Returns     : Nothing
 178:../Sources/Events.c **** ** ===================================================================
 179:../Sources/Events.c **** */
 180:../Sources/Events.c **** void DrvI2c1_OnMasterBlockSent(LDD_TUserData *UserDataPtr)
 181:../Sources/Events.c **** {
 215              		.loc 1 181 0
 216              		.cfi_startproc
 217 0000 80B5     		push	{r7, lr}
 218              	.LCFI17:
 219              		.cfi_def_cfa_offset 8
 220              		.cfi_offset 7, -8
 221              		.cfi_offset 14, -4
 222 0002 84B0     		sub	sp, sp, #16
 223              	.LCFI18:
 224              		.cfi_def_cfa_offset 24
 225 0004 00AF     		add	r7, sp, #0
 226              	.LCFI19:
 227              		.cfi_def_cfa_register 7
 228 0006 7860     		str	r0, [r7, #4]
 182:../Sources/Events.c ****   /* Write your code here ... */
 183:../Sources/Events.c ****   	TDataState *I2c1_DataState = (TDataState*)UserDataPtr;
 229              		.loc 1 183 0
 230 0008 7B68     		ldr	r3, [r7, #4]
 231 000a FB60     		str	r3, [r7, #12]
 184:../Sources/Events.c **** 	I2c1_DataState->Sent = TRUE;
 232              		.loc 1 184 0
 233 000c FB68     		ldr	r3, [r7, #12]
 234 000e 0122     		mov	r2, #1
 235 0010 1A70     		strb	r2, [r3]
 185:../Sources/Events.c **** 
 186:../Sources/Events.c **** }
 236              		.loc 1 186 0
 237 0012 BD46     		mov	sp, r7
 238 0014 04B0     		add	sp, sp, #16
 239              		@ sp needed for prologue
 240 0016 80BD     		pop	{r7, pc}
 241              		.cfi_endproc
 242              	.LFE6:
 244              		.section	.text.DrvI2c1_OnMasterBlockReceived,"ax",%progbits
 245              		.align	2
 246              		.global	DrvI2c1_OnMasterBlockReceived
 247              		.code	16
 248              		.thumb_func
 250              	DrvI2c1_OnMasterBlockReceived:
 251              	.LFB7:
 187:../Sources/Events.c **** 
 188:../Sources/Events.c **** /*
 189:../Sources/Events.c **** ** ===================================================================
 190:../Sources/Events.c **** **     Event       :  DrvI2c1_OnMasterBlockReceived (module Events)
 191:../Sources/Events.c **** **
 192:../Sources/Events.c **** **     Component   :  DrvI2c1 [I2C_LDD]
 193:../Sources/Events.c **** **     Description :
 194:../Sources/Events.c **** **         This event is called when I2C is in master mode and finishes
 195:../Sources/Events.c **** **         the reception of the data successfully. This event is not
 196:../Sources/Events.c **** **         available for the SLAVE mode and if MasterReceiveBlock is
 197:../Sources/Events.c **** **         disabled.
 198:../Sources/Events.c **** **     Parameters  :
 199:../Sources/Events.c **** **         NAME            - DESCRIPTION
 200:../Sources/Events.c **** **       * UserDataPtr     - Pointer to the user or
 201:../Sources/Events.c **** **                           RTOS specific data. This pointer is passed
 202:../Sources/Events.c **** **                           as the parameter of Init method.
 203:../Sources/Events.c **** **     Returns     : Nothing
 204:../Sources/Events.c **** ** ===================================================================
 205:../Sources/Events.c **** */
 206:../Sources/Events.c **** void DrvI2c1_OnMasterBlockReceived(LDD_TUserData *UserDataPtr)
 207:../Sources/Events.c **** {
 252              		.loc 1 207 0
 253              		.cfi_startproc
 254 0000 80B5     		push	{r7, lr}
 255              	.LCFI20:
 256              		.cfi_def_cfa_offset 8
 257              		.cfi_offset 7, -8
 258              		.cfi_offset 14, -4
 259 0002 84B0     		sub	sp, sp, #16
 260              	.LCFI21:
 261              		.cfi_def_cfa_offset 24
 262 0004 00AF     		add	r7, sp, #0
 263              	.LCFI22:
 264              		.cfi_def_cfa_register 7
 265 0006 7860     		str	r0, [r7, #4]
 208:../Sources/Events.c ****   /* Write your code here ... */
 209:../Sources/Events.c **** 	TDataState *I2c1_DataState = (TDataState*)UserDataPtr;
 266              		.loc 1 209 0
 267 0008 7B68     		ldr	r3, [r7, #4]
 268 000a FB60     		str	r3, [r7, #12]
 210:../Sources/Events.c **** 	I2c1_DataState->Received = TRUE;
 269              		.loc 1 210 0
 270 000c FB68     		ldr	r3, [r7, #12]
 271 000e 0122     		mov	r2, #1
 272 0010 5A70     		strb	r2, [r3, #1]
 211:../Sources/Events.c **** 
 212:../Sources/Events.c **** }
 273              		.loc 1 212 0
 274 0012 BD46     		mov	sp, r7
 275 0014 04B0     		add	sp, sp, #16
 276              		@ sp needed for prologue
 277 0016 80BD     		pop	{r7, pc}
 278              		.cfi_endproc
 279              	.LFE7:
 281              		.section	.text.DrvI2c1_OnError,"ax",%progbits
 282              		.align	2
 283              		.global	DrvI2c1_OnError
 284              		.code	16
 285              		.thumb_func
 287              	DrvI2c1_OnError:
 288              	.LFB8:
 213:../Sources/Events.c **** 
 214:../Sources/Events.c **** /*
 215:../Sources/Events.c **** ** ===================================================================
 216:../Sources/Events.c **** **     Event       :  DrvI2c1_OnError (module Events)
 217:../Sources/Events.c **** **
 218:../Sources/Events.c **** **     Component   :  DrvI2c1 [I2C_LDD]
 219:../Sources/Events.c **** **     Description :
 220:../Sources/Events.c **** **         This event is called when an error (e.g. Arbitration lost)
 221:../Sources/Events.c **** **         occurs. The errors can be read with GetError method.
 222:../Sources/Events.c **** **     Parameters  :
 223:../Sources/Events.c **** **         NAME            - DESCRIPTION
 224:../Sources/Events.c **** **       * UserDataPtr     - Pointer to the user or
 225:../Sources/Events.c **** **                           RTOS specific data. This pointer is passed
 226:../Sources/Events.c **** **                           as the parameter of Init method.
 227:../Sources/Events.c **** **     Returns     : Nothing
 228:../Sources/Events.c **** ** ===================================================================
 229:../Sources/Events.c **** */
 230:../Sources/Events.c **** void DrvI2c1_OnError(LDD_TUserData *UserDataPtr)
 231:../Sources/Events.c **** {
 289              		.loc 1 231 0
 290              		.cfi_startproc
 291 0000 80B5     		push	{r7, lr}
 292              	.LCFI23:
 293              		.cfi_def_cfa_offset 8
 294              		.cfi_offset 7, -8
 295              		.cfi_offset 14, -4
 296 0002 82B0     		sub	sp, sp, #8
 297              	.LCFI24:
 298              		.cfi_def_cfa_offset 16
 299 0004 00AF     		add	r7, sp, #0
 300              	.LCFI25:
 301              		.cfi_def_cfa_register 7
 302 0006 7860     		str	r0, [r7, #4]
 232:../Sources/Events.c ****   /* Write your code here ... */
 233:../Sources/Events.c **** }
 303              		.loc 1 233 0
 304 0008 BD46     		mov	sp, r7
 305 000a 02B0     		add	sp, sp, #8
 306              		@ sp needed for prologue
 307 000c 80BD     		pop	{r7, pc}
 308              		.cfi_endproc
 309              	.LFE8:
 311 000e C046     		.text
 312              	.Letext0:
 313              		.file 2 "E:/CW103_Work_Space/Mqx_Lite_Test/Generated_Code/PE_Types.h"
 314              		.file 3 "E:/CW103_Work_Space/Mqx_Lite_Test/MQXLITE/psp/cortex_m/psptypes.h"
 315              		.file 4 "../Sources/mqx_tasks.h"
 316              		.file 5 "E:/CW103_Work_Space/Mqx_Lite_Test/Generated_Code/PE_LDD.h"
DEFINED SYMBOLS
                            *ABS*:00000000 Events.c
C:\DOCUME~1\SNAKUL~1.DEL\LOCALS~1\Temp\ccMn64Fa.s:18     .text.Cpu_OnNMIINT:00000000 $t
C:\DOCUME~1\SNAKUL~1.DEL\LOCALS~1\Temp\ccMn64Fa.s:23     .text.Cpu_OnNMIINT:00000000 Cpu_OnNMIINT
C:\DOCUME~1\SNAKUL~1.DEL\LOCALS~1\Temp\ccMn64Fa.s:44     .text.DrvI2c0_OnMasterBlockSent:00000000 $t
C:\DOCUME~1\SNAKUL~1.DEL\LOCALS~1\Temp\ccMn64Fa.s:49     .text.DrvI2c0_OnMasterBlockSent:00000000 DrvI2c0_OnMasterBlockSent
C:\DOCUME~1\SNAKUL~1.DEL\LOCALS~1\Temp\ccMn64Fa.s:81     .text.DrvI2c0_OnMasterBlockReceived:00000000 $t
C:\DOCUME~1\SNAKUL~1.DEL\LOCALS~1\Temp\ccMn64Fa.s:86     .text.DrvI2c0_OnMasterBlockReceived:00000000 DrvI2c0_OnMasterBlockReceived
C:\DOCUME~1\SNAKUL~1.DEL\LOCALS~1\Temp\ccMn64Fa.s:118    .text.DrvI2c0_OnError:00000000 $t
C:\DOCUME~1\SNAKUL~1.DEL\LOCALS~1\Temp\ccMn64Fa.s:123    .text.DrvI2c0_OnError:00000000 DrvI2c0_OnError
C:\DOCUME~1\SNAKUL~1.DEL\LOCALS~1\Temp\ccMn64Fa.s:148    .text.DrvPwmTimerRG_OnCounterRestart:00000000 $t
C:\DOCUME~1\SNAKUL~1.DEL\LOCALS~1\Temp\ccMn64Fa.s:153    .text.DrvPwmTimerRG_OnCounterRestart:00000000 DrvPwmTimerRG_OnCounterRestart
C:\DOCUME~1\SNAKUL~1.DEL\LOCALS~1\Temp\ccMn64Fa.s:178    .text.DrvPwmTimerRG_OnChannel0:00000000 $t
C:\DOCUME~1\SNAKUL~1.DEL\LOCALS~1\Temp\ccMn64Fa.s:183    .text.DrvPwmTimerRG_OnChannel0:00000000 DrvPwmTimerRG_OnChannel0
C:\DOCUME~1\SNAKUL~1.DEL\LOCALS~1\Temp\ccMn64Fa.s:208    .text.DrvI2c1_OnMasterBlockSent:00000000 $t
C:\DOCUME~1\SNAKUL~1.DEL\LOCALS~1\Temp\ccMn64Fa.s:213    .text.DrvI2c1_OnMasterBlockSent:00000000 DrvI2c1_OnMasterBlockSent
C:\DOCUME~1\SNAKUL~1.DEL\LOCALS~1\Temp\ccMn64Fa.s:245    .text.DrvI2c1_OnMasterBlockReceived:00000000 $t
C:\DOCUME~1\SNAKUL~1.DEL\LOCALS~1\Temp\ccMn64Fa.s:250    .text.DrvI2c1_OnMasterBlockReceived:00000000 DrvI2c1_OnMasterBlockReceived
C:\DOCUME~1\SNAKUL~1.DEL\LOCALS~1\Temp\ccMn64Fa.s:282    .text.DrvI2c1_OnError:00000000 $t
C:\DOCUME~1\SNAKUL~1.DEL\LOCALS~1\Temp\ccMn64Fa.s:287    .text.DrvI2c1_OnError:00000000 DrvI2c1_OnError
                     .debug_frame:00000010 $d

NO UNDEFINED SYMBOLS
