   1              		.cpu cortex-m0
   2              		.fpu softvfp
   3              		.eabi_attribute 20, 1
   4              		.eabi_attribute 21, 1
   5              		.eabi_attribute 23, 3
   6              		.eabi_attribute 24, 1
   7              		.eabi_attribute 25, 1
   8              		.eabi_attribute 26, 1
   9              		.eabi_attribute 30, 6
  10              		.eabi_attribute 34, 0
  11              		.eabi_attribute 18, 4
  12              		.code	16
  13              		.file	"DrvDac2V.c"
  14              		.text
  15              	.Ltext0:
  16              		.cfi_sections	.debug_frame
  17              		.section	.bss.DeviceDataPtr__DEFAULT_RTOS_ALLOC,"aw",%nobits
  18              		.align	2
  21              	DeviceDataPtr__DEFAULT_RTOS_ALLOC:
  22 0000 00000000 		.space	8
  22      00000000 
  23              		.section	.text.DrvDac2V_Init,"ax",%progbits
  24              		.align	2
  25              		.global	DrvDac2V_Init
  26              		.code	16
  27              		.thumb_func
  29              	DrvDac2V_Init:
  30              	.LFB0:
  31              		.file 1 "../Generated_Code/DrvDac2V.c"
   1:../Generated_Code/DrvDac2V.c **** /** ###################################################################
   2:../Generated_Code/DrvDac2V.c **** **     THIS COMPONENT MODULE IS GENERATED BY THE TOOL. DO NOT MODIFY IT.
   3:../Generated_Code/DrvDac2V.c **** **     Filename    : DrvDac2V.c
   4:../Generated_Code/DrvDac2V.c **** **     Project     : ProcessorExpert
   5:../Generated_Code/DrvDac2V.c **** **     Processor   : MKL25Z128VLK4
   6:../Generated_Code/DrvDac2V.c **** **     Component   : DAC_LDD
   7:../Generated_Code/DrvDac2V.c **** **     Version     : Component 01.035, Driver 01.07, CPU db: 3.00.000
   8:../Generated_Code/DrvDac2V.c **** **     Compiler    : GNU C Compiler
   9:../Generated_Code/DrvDac2V.c **** **     Date/Time   : 2013-02-22, 19:12, # CodeGen: 21
  10:../Generated_Code/DrvDac2V.c **** **     Abstract    :
  11:../Generated_Code/DrvDac2V.c **** **         This component implements an internal D/A converter of the MCU.
  12:../Generated_Code/DrvDac2V.c **** **         It contains settings for converting various format of a values
  13:../Generated_Code/DrvDac2V.c **** **         to supported format of the D/A converter.
  14:../Generated_Code/DrvDac2V.c **** **
  15:../Generated_Code/DrvDac2V.c **** **     Settings    :
  16:../Generated_Code/DrvDac2V.c **** **          Component name                                 : DrvDac2V
  17:../Generated_Code/DrvDac2V.c **** **          D/A converter                                  : DAC0
  18:../Generated_Code/DrvDac2V.c **** **          Interrupt service/event                        : Disabled
  19:../Generated_Code/DrvDac2V.c **** **          Output pin                                     : yes
  20:../Generated_Code/DrvDac2V.c **** **            D/A channel (pin)                            : DAC0_OUT/ADC0_SE23/CMP0_IN4/PTE30/TPM0
  21:../Generated_Code/DrvDac2V.c **** **            D/A channel (pin) signal                     : 
  22:../Generated_Code/DrvDac2V.c **** **          Init value                                     : 2482
  23:../Generated_Code/DrvDac2V.c **** **          D/A resolution                                 : 12 bits
  24:../Generated_Code/DrvDac2V.c **** **          Data mode                                      : unsigned 16 bits, right justified
  25:../Generated_Code/DrvDac2V.c **** **          Low power mode                                 : Disabled
  26:../Generated_Code/DrvDac2V.c **** **          Voltage reference source                       : internal
  27:../Generated_Code/DrvDac2V.c **** **          Data buffer                                    : Disabled
  28:../Generated_Code/DrvDac2V.c **** **          DMA                                            : Disabled
  29:../Generated_Code/DrvDac2V.c **** **          Initialization                                 : 
  30:../Generated_Code/DrvDac2V.c **** **            Enabled in init. code                        : yes
  31:../Generated_Code/DrvDac2V.c **** **            Auto initialization                          : yes
  32:../Generated_Code/DrvDac2V.c **** **            Event mask                                   : 
  33:../Generated_Code/DrvDac2V.c **** **              OnBufferEnd                                : Disabled
  34:../Generated_Code/DrvDac2V.c **** **              OnBufferStart                              : Disabled
  35:../Generated_Code/DrvDac2V.c **** **              OnComplete                                 : Disabled
  36:../Generated_Code/DrvDac2V.c **** **              OnError                                    : Disabled
  37:../Generated_Code/DrvDac2V.c **** **          CPU clock/configuration selection              : 
  38:../Generated_Code/DrvDac2V.c **** **            Clock configuration 0                        : This component enabled
  39:../Generated_Code/DrvDac2V.c **** **            Clock configuration 1                        : This component disabled
  40:../Generated_Code/DrvDac2V.c **** **            Clock configuration 2                        : This component disabled
  41:../Generated_Code/DrvDac2V.c **** **            Clock configuration 3                        : This component disabled
  42:../Generated_Code/DrvDac2V.c **** **            Clock configuration 4                        : This component disabled
  43:../Generated_Code/DrvDac2V.c **** **            Clock configuration 5                        : This component disabled
  44:../Generated_Code/DrvDac2V.c **** **            Clock configuration 6                        : This component disabled
  45:../Generated_Code/DrvDac2V.c **** **            Clock configuration 7                        : This component disabled
  46:../Generated_Code/DrvDac2V.c **** **     Contents    :
  47:../Generated_Code/DrvDac2V.c **** **         Init     - LDD_TDeviceData* DrvDac2V_Init(LDD_TUserData *UserDataPtr);
  48:../Generated_Code/DrvDac2V.c **** **         Deinit   - void DrvDac2V_Deinit(LDD_TDeviceData *DeviceDataPtr);
  49:../Generated_Code/DrvDac2V.c **** **         SetValue - LDD_TError DrvDac2V_SetValue(LDD_TDeviceData *DeviceDataPtr, LDD_DAC_TData...
  50:../Generated_Code/DrvDac2V.c **** **
  51:../Generated_Code/DrvDac2V.c **** **     Copyright : 1997 - 2012 Freescale, Inc. All Rights Reserved.
  52:../Generated_Code/DrvDac2V.c **** **     
  53:../Generated_Code/DrvDac2V.c **** **     http      : www.freescale.com
  54:../Generated_Code/DrvDac2V.c **** **     mail      : support@freescale.com
  55:../Generated_Code/DrvDac2V.c **** ** ###################################################################*/
  56:../Generated_Code/DrvDac2V.c **** 
  57:../Generated_Code/DrvDac2V.c **** /* MODULE DrvDac2V. */
  58:../Generated_Code/DrvDac2V.c **** 
  59:../Generated_Code/DrvDac2V.c **** /* MQX Lite include files */
  60:../Generated_Code/DrvDac2V.c **** #include "mqxlite.h"
  61:../Generated_Code/DrvDac2V.c **** #include "mqxlite_prv.h"
  62:../Generated_Code/DrvDac2V.c **** #include "DrvDac2V.h"
  63:../Generated_Code/DrvDac2V.c **** 
  64:../Generated_Code/DrvDac2V.c **** typedef struct {
  65:../Generated_Code/DrvDac2V.c ****   LDD_TDeviceData *DmaTransferDeviceDataPtr; /* DMATransfer device data structure */
  66:../Generated_Code/DrvDac2V.c ****   LDD_TUserData *UserDataPtr;          /* RTOS device data structure */
  67:../Generated_Code/DrvDac2V.c **** } DrvDac2V_TDeviceData;                /* Device data structure type */
  68:../Generated_Code/DrvDac2V.c **** 
  69:../Generated_Code/DrvDac2V.c **** /* {MQXLite RTOS Adapter} Static object used for simulation of dynamic driver memory allocation */
  70:../Generated_Code/DrvDac2V.c **** static DrvDac2V_TDeviceData DeviceDataPtr__DEFAULT_RTOS_ALLOC;
  71:../Generated_Code/DrvDac2V.c **** 
  72:../Generated_Code/DrvDac2V.c **** /*
  73:../Generated_Code/DrvDac2V.c **** ** ===================================================================
  74:../Generated_Code/DrvDac2V.c **** **     Method      :  DrvDac2V_Init (component DAC_LDD)
  75:../Generated_Code/DrvDac2V.c **** **
  76:../Generated_Code/DrvDac2V.c **** **     Description :
  77:../Generated_Code/DrvDac2V.c **** **         Initializes the device according to design-time
  78:../Generated_Code/DrvDac2V.c **** **         configuration properties. Allocates memory for the device
  79:../Generated_Code/DrvDac2V.c **** **         data structure. 
  80:../Generated_Code/DrvDac2V.c **** **         If the <Enable in init. code> is set to "yes" then the
  81:../Generated_Code/DrvDac2V.c **** **         device is also enabled (see the description of the Enable
  82:../Generated_Code/DrvDac2V.c **** **         method).
  83:../Generated_Code/DrvDac2V.c **** **         This method can be called only once. Before the second call
  84:../Generated_Code/DrvDac2V.c **** **         of Init the Deinit method must be called first. If DMA
  85:../Generated_Code/DrvDac2V.c **** **         service is enabled this method also initializes inherited
  86:../Generated_Code/DrvDac2V.c **** **         DMA Transfer component.
  87:../Generated_Code/DrvDac2V.c **** **     Parameters  :
  88:../Generated_Code/DrvDac2V.c **** **         NAME            - DESCRIPTION
  89:../Generated_Code/DrvDac2V.c **** **       * UserDataPtr     - Pointer to the user or
  90:../Generated_Code/DrvDac2V.c **** **                           RTOS specific data. This pointer will be
  91:../Generated_Code/DrvDac2V.c **** **                           passed as an events or callback parameter.
  92:../Generated_Code/DrvDac2V.c **** **     Returns     :
  93:../Generated_Code/DrvDac2V.c **** **         ---             - Device data structure pointer.
  94:../Generated_Code/DrvDac2V.c **** ** ===================================================================
  95:../Generated_Code/DrvDac2V.c **** */
  96:../Generated_Code/DrvDac2V.c **** LDD_TDeviceData* DrvDac2V_Init(LDD_TUserData *UserDataPtr)
  97:../Generated_Code/DrvDac2V.c **** {
  32              		.loc 1 97 0
  33              		.cfi_startproc
  34 0000 80B5     		push	{r7, lr}
  35              	.LCFI0:
  36              		.cfi_def_cfa_offset 8
  37              		.cfi_offset 7, -8
  38              		.cfi_offset 14, -4
  39 0002 84B0     		sub	sp, sp, #16
  40              	.LCFI1:
  41              		.cfi_def_cfa_offset 24
  42 0004 00AF     		add	r7, sp, #0
  43              	.LCFI2:
  44              		.cfi_def_cfa_register 7
  45 0006 7860     		str	r0, [r7, #4]
  98:../Generated_Code/DrvDac2V.c ****   DrvDac2V_TDeviceData *DeviceDataPtr; /* LDD device structure */
  99:../Generated_Code/DrvDac2V.c **** 
 100:../Generated_Code/DrvDac2V.c ****   /* Allocate HAL device structure */
 101:../Generated_Code/DrvDac2V.c ****   /* {MQXLite RTOS Adapter} Driver memory allocation: Dynamic allocation is simulated by a pointer 
 102:../Generated_Code/DrvDac2V.c ****   DeviceDataPtr = &DeviceDataPtr__DEFAULT_RTOS_ALLOC;
  46              		.loc 1 102 0
  47 0008 1F4B     		ldr	r3, .L3
  48 000a FB60     		str	r3, [r7, #12]
 103:../Generated_Code/DrvDac2V.c ****   DeviceDataPtr->DmaTransferDeviceDataPtr = NULL; /* DMA is not used */
  49              		.loc 1 103 0
  50 000c FB68     		ldr	r3, [r7, #12]
  51 000e 0022     		mov	r2, #0
  52 0010 1A60     		str	r2, [r3]
 104:../Generated_Code/DrvDac2V.c ****   DeviceDataPtr->UserDataPtr = UserDataPtr; /* Store the RTOS device structure */
  53              		.loc 1 104 0
  54 0012 FB68     		ldr	r3, [r7, #12]
  55 0014 7A68     		ldr	r2, [r7, #4]
  56 0016 5A60     		str	r2, [r3, #4]
 105:../Generated_Code/DrvDac2V.c ****   /* Enable device clock gate */
 106:../Generated_Code/DrvDac2V.c ****   /* SIM_SCGC6: DAC0=1 */
 107:../Generated_Code/DrvDac2V.c ****   SIM_SCGC6 |= SIM_SCGC6_DAC0_MASK;                                                   
  57              		.loc 1 107 0
  58 0018 1C4A     		ldr	r2, .L3+4
  59 001a 1C49     		ldr	r1, .L3+4
  60 001c 1C4B     		ldr	r3, .L3+8
  61 001e CB58     		ldr	r3, [r1, r3]
  62 0020 8021     		mov	r1, #128
  63 0022 0906     		lsl	r1, r1, #24
  64 0024 1943     		orr	r1, r3
  65 0026 1A4B     		ldr	r3, .L3+8
  66 0028 D150     		str	r1, [r2, r3]
 108:../Generated_Code/DrvDac2V.c ****   DAC_PDD_EnableDevice(DAC0_BASE_PTR,PDD_DISABLE); /* Disable device */
  67              		.loc 1 108 0
  68 002a 1A4A     		ldr	r2, .L3+12
  69 002c 1949     		ldr	r1, .L3+12
  70 002e 2123     		mov	r3, #33
  71 0030 CB5C     		ldrb	r3, [r1, r3]
  72 0032 D9B2     		uxtb	r1, r3
  73 0034 7F23     		mov	r3, #127
  74 0036 0B40     		and	r3, r1
  75 0038 D9B2     		uxtb	r1, r3
  76 003a 2123     		mov	r3, #33
  77 003c D154     		strb	r1, [r2, r3]
 109:../Generated_Code/DrvDac2V.c ****   /* PORTE_PCR30: ISF=0,MUX=0 */
 110:../Generated_Code/DrvDac2V.c ****   PORTE_PCR30 &= (uint32_t)~(uint32_t)((PORT_PCR_ISF_MASK | PORT_PCR_MUX(0x07)));                  
  78              		.loc 1 110 0
  79 003e 164B     		ldr	r3, .L3+16
  80 0040 154A     		ldr	r2, .L3+16
  81 0042 916F     		ldr	r1, [r2, #120]
  82 0044 154A     		ldr	r2, .L3+20
  83 0046 0A40     		and	r2, r1
  84 0048 9A67     		str	r2, [r3, #120]
 111:../Generated_Code/DrvDac2V.c ****   /* DAC0_DAT0H: ??=0,??=0,??=0,??=0,DATA1=9 */
 112:../Generated_Code/DrvDac2V.c ****   DAC0_DAT0H = DAC_DATH_DATA1(0x09);                                                   
  85              		.loc 1 112 0
  86 004a 124B     		ldr	r3, .L3+12
  87 004c 0922     		mov	r2, #9
  88 004e 5A70     		strb	r2, [r3, #1]
 113:../Generated_Code/DrvDac2V.c ****   /* DAC0_DAT0L: DATA0=0xB2 */
 114:../Generated_Code/DrvDac2V.c ****   DAC0_DAT0L = DAC_DATL_DATA0(0xB2);                                                   
  89              		.loc 1 114 0
  90 0050 104B     		ldr	r3, .L3+12
  91 0052 B222     		mov	r2, #178
  92 0054 1A70     		strb	r2, [r3]
 115:../Generated_Code/DrvDac2V.c ****   /* DAC0_C2: ??=0,??=0,??=0,DACBFRP=0,??=1,??=1,??=1,DACBFUP=1 */
 116:../Generated_Code/DrvDac2V.c ****   DAC0_C2 = (DAC_C2_DACBFUP_MASK | 0x0EU);                                                   
  93              		.loc 1 116 0
  94 0056 0F4A     		ldr	r2, .L3+12
  95 0058 2323     		mov	r3, #35
  96 005a 0F21     		mov	r1, #15
  97 005c D154     		strb	r1, [r2, r3]
 117:../Generated_Code/DrvDac2V.c ****   /* DAC0_C1: DMAEN=0,??=0,??=0,??=0,??=0,DACBFMD=0,??=0,DACBFEN=0 */
 118:../Generated_Code/DrvDac2V.c ****   DAC0_C1 = 0x00U;                                                   
  98              		.loc 1 118 0
  99 005e 0D4A     		ldr	r2, .L3+12
 100 0060 2223     		mov	r3, #34
 101 0062 0021     		mov	r1, #0
 102 0064 D154     		strb	r1, [r2, r3]
 119:../Generated_Code/DrvDac2V.c ****   /* DAC0_SR: ??=0,??=0,??=0,??=0,??=0,??=0,DACBFRPTF=0,DACBFRPBF=0 */
 120:../Generated_Code/DrvDac2V.c ****   DAC0_SR = 0x00U;                                                   
 103              		.loc 1 120 0
 104 0066 0B4A     		ldr	r2, .L3+12
 105 0068 2023     		mov	r3, #32
 106 006a 0021     		mov	r1, #0
 107 006c D154     		strb	r1, [r2, r3]
 121:../Generated_Code/DrvDac2V.c ****   /* DAC0_C0: DACEN=1,DACRFS=0,DACTRGSEL=0,DACSWTRG=0,LPEN=0,??=0,DACBTIEN=0,DACBBIEN=0 */
 122:../Generated_Code/DrvDac2V.c ****   DAC0_C0 = DAC_C0_DACEN_MASK;                                                   
 108              		.loc 1 122 0
 109 006e 094A     		ldr	r2, .L3+12
 110 0070 2123     		mov	r3, #33
 111 0072 8021     		mov	r1, #128
 112 0074 D154     		strb	r1, [r2, r3]
 123:../Generated_Code/DrvDac2V.c ****   /* Registration of the device structure */
 124:../Generated_Code/DrvDac2V.c ****   PE_LDD_RegisterDeviceStructure(PE_LDD_COMPONENT_DrvDac2V_ID,DeviceDataPtr);
 113              		.loc 1 124 0
 114 0076 0A4B     		ldr	r3, .L3+24
 115 0078 FA68     		ldr	r2, [r7, #12]
 116 007a 9A61     		str	r2, [r3, #24]
 125:../Generated_Code/DrvDac2V.c ****   return ((LDD_TDeviceData*)DeviceDataPtr); /* Return pointer to the data data structure */
 117              		.loc 1 125 0
 118 007c FB68     		ldr	r3, [r7, #12]
 126:../Generated_Code/DrvDac2V.c **** }
 119              		.loc 1 126 0
 120 007e 181C     		mov	r0, r3
 121 0080 BD46     		mov	sp, r7
 122 0082 04B0     		add	sp, sp, #16
 123              		@ sp needed for prologue
 124 0084 80BD     		pop	{r7, pc}
 125              	.L4:
 126 0086 C046     		.align	2
 127              	.L3:
 128 0088 00000000 		.word	DeviceDataPtr__DEFAULT_RTOS_ALLOC
 129 008c 00700440 		.word	1074032640
 130 0090 3C100000 		.word	4156
 131 0094 00F00340 		.word	1073999872
 132 0098 00D00440 		.word	1074057216
 133 009c FFF8FFFE 		.word	-16779009
 134 00a0 00000000 		.word	PE_LDD_DeviceDataList
 135              		.cfi_endproc
 136              	.LFE0:
 138              		.section	.text.DrvDac2V_Deinit,"ax",%progbits
 139              		.align	2
 140              		.global	DrvDac2V_Deinit
 141              		.code	16
 142              		.thumb_func
 144              	DrvDac2V_Deinit:
 145              	.LFB1:
 127:../Generated_Code/DrvDac2V.c **** 
 128:../Generated_Code/DrvDac2V.c **** /*
 129:../Generated_Code/DrvDac2V.c **** ** ===================================================================
 130:../Generated_Code/DrvDac2V.c **** **     Method      :  DrvDac2V_Deinit (component DAC_LDD)
 131:../Generated_Code/DrvDac2V.c **** **
 132:../Generated_Code/DrvDac2V.c **** **     Description :
 133:../Generated_Code/DrvDac2V.c **** **         Disables the device and frees the device data structure
 134:../Generated_Code/DrvDac2V.c **** **         memory. If DMA service is enabled this method also
 135:../Generated_Code/DrvDac2V.c **** **         deinitializes inherited DMA Transfer component.
 136:../Generated_Code/DrvDac2V.c **** **     Parameters  :
 137:../Generated_Code/DrvDac2V.c **** **         NAME            - DESCRIPTION
 138:../Generated_Code/DrvDac2V.c **** **       * DeviceDataPtr   - Device data structure
 139:../Generated_Code/DrvDac2V.c **** **                           pointer returned by <Init> method.
 140:../Generated_Code/DrvDac2V.c **** **     Returns     : Nothing
 141:../Generated_Code/DrvDac2V.c **** ** ===================================================================
 142:../Generated_Code/DrvDac2V.c **** */
 143:../Generated_Code/DrvDac2V.c **** void DrvDac2V_Deinit(LDD_TDeviceData *DeviceDataPtr)
 144:../Generated_Code/DrvDac2V.c **** {
 146              		.loc 1 144 0
 147              		.cfi_startproc
 148 0000 80B5     		push	{r7, lr}
 149              	.LCFI3:
 150              		.cfi_def_cfa_offset 8
 151              		.cfi_offset 7, -8
 152              		.cfi_offset 14, -4
 153 0002 82B0     		sub	sp, sp, #8
 154              	.LCFI4:
 155              		.cfi_def_cfa_offset 16
 156 0004 00AF     		add	r7, sp, #0
 157              	.LCFI5:
 158              		.cfi_def_cfa_register 7
 159 0006 7860     		str	r0, [r7, #4]
 145:../Generated_Code/DrvDac2V.c ****   (void)DeviceDataPtr;                 /* Parameter not used, suppress not used argument warning */
 146:../Generated_Code/DrvDac2V.c ****   DAC_PDD_EnableDevice(DAC0_BASE_PTR,PDD_DISABLE); /* Disable device */
 160              		.loc 1 146 0
 161 0008 0A4A     		ldr	r2, .L6
 162 000a 0A49     		ldr	r1, .L6
 163 000c 2123     		mov	r3, #33
 164 000e CB5C     		ldrb	r3, [r1, r3]
 165 0010 D9B2     		uxtb	r1, r3
 166 0012 7F23     		mov	r3, #127
 167 0014 0B40     		and	r3, r1
 168 0016 D9B2     		uxtb	r1, r3
 169 0018 2123     		mov	r3, #33
 170 001a D154     		strb	r1, [r2, r3]
 147:../Generated_Code/DrvDac2V.c ****   /* Deallocation of the device structure */
 148:../Generated_Code/DrvDac2V.c ****   /* {MQXLite RTOS Adapter} Driver memory deallocation: Dynamic allocation is simulated, no dealloc
 149:../Generated_Code/DrvDac2V.c ****   /* Disable device clock gate */
 150:../Generated_Code/DrvDac2V.c ****   /* SIM_SCGC6: DAC0=0 */
 151:../Generated_Code/DrvDac2V.c ****   SIM_SCGC6 &= (uint32_t)~(uint32_t)(SIM_SCGC6_DAC0_MASK);                                         
 171              		.loc 1 151 0
 172 001c 064A     		ldr	r2, .L6+4
 173 001e 0649     		ldr	r1, .L6+4
 174 0020 064B     		ldr	r3, .L6+8
 175 0022 CB58     		ldr	r3, [r1, r3]
 176 0024 5B00     		lsl	r3, r3, #1
 177 0026 5908     		lsr	r1, r3, #1
 178 0028 044B     		ldr	r3, .L6+8
 179 002a D150     		str	r1, [r2, r3]
 152:../Generated_Code/DrvDac2V.c **** }
 180              		.loc 1 152 0
 181 002c BD46     		mov	sp, r7
 182 002e 02B0     		add	sp, sp, #8
 183              		@ sp needed for prologue
 184 0030 80BD     		pop	{r7, pc}
 185              	.L7:
 186 0032 C046     		.align	2
 187              	.L6:
 188 0034 00F00340 		.word	1073999872
 189 0038 00700440 		.word	1074032640
 190 003c 3C100000 		.word	4156
 191              		.cfi_endproc
 192              	.LFE1:
 194              		.section	.text.DrvDac2V_SetValue,"ax",%progbits
 195              		.align	2
 196              		.global	DrvDac2V_SetValue
 197              		.code	16
 198              		.thumb_func
 200              	DrvDac2V_SetValue:
 201              	.LFB2:
 153:../Generated_Code/DrvDac2V.c **** 
 154:../Generated_Code/DrvDac2V.c **** /*
 155:../Generated_Code/DrvDac2V.c **** ** ===================================================================
 156:../Generated_Code/DrvDac2V.c **** **     Method      :  DrvDac2V_SetValue (component DAC_LDD)
 157:../Generated_Code/DrvDac2V.c **** **
 158:../Generated_Code/DrvDac2V.c **** **     Description :
 159:../Generated_Code/DrvDac2V.c **** **         Sets DAC output voltage according to specified value.
 160:../Generated_Code/DrvDac2V.c **** **         Input data format is specified by <Data mode> property
 161:../Generated_Code/DrvDac2V.c **** **         settings. If selected formatting is not native for DAC
 162:../Generated_Code/DrvDac2V.c **** **         device which is used then any necessary transformations (e.g.
 163:../Generated_Code/DrvDac2V.c **** **         shifting) are done._/Note: This method is available only if
 164:../Generated_Code/DrvDac2V.c **** **         Data buffer is disabled./_
 165:../Generated_Code/DrvDac2V.c **** **     Parameters  :
 166:../Generated_Code/DrvDac2V.c **** **         NAME            - DESCRIPTION
 167:../Generated_Code/DrvDac2V.c **** **       * DeviceDataPtr   - Pointer to device data
 168:../Generated_Code/DrvDac2V.c **** **                           structure.
 169:../Generated_Code/DrvDac2V.c **** **         Data            - User data.
 170:../Generated_Code/DrvDac2V.c **** **     Returns     :
 171:../Generated_Code/DrvDac2V.c **** **         ---             - Error code, possible codes:
 172:../Generated_Code/DrvDac2V.c **** **                           - ERR_OK - OK.
 173:../Generated_Code/DrvDac2V.c **** **                           - ERR_SPEED - This device does not work in
 174:../Generated_Code/DrvDac2V.c **** **                           the active clock configuration.
 175:../Generated_Code/DrvDac2V.c **** **                           - ERR_DISABLED - Component or device is
 176:../Generated_Code/DrvDac2V.c **** **                           disabled.
 177:../Generated_Code/DrvDac2V.c **** ** ===================================================================
 178:../Generated_Code/DrvDac2V.c **** */
 179:../Generated_Code/DrvDac2V.c **** LDD_TError DrvDac2V_SetValue(LDD_TDeviceData *DeviceDataPtr, LDD_DAC_TData Data)
 180:../Generated_Code/DrvDac2V.c **** {
 202              		.loc 1 180 0
 203              		.cfi_startproc
 204 0000 80B5     		push	{r7, lr}
 205              	.LCFI6:
 206              		.cfi_def_cfa_offset 8
 207              		.cfi_offset 7, -8
 208              		.cfi_offset 14, -4
 209 0002 82B0     		sub	sp, sp, #8
 210              	.LCFI7:
 211              		.cfi_def_cfa_offset 16
 212 0004 00AF     		add	r7, sp, #0
 213              	.LCFI8:
 214              		.cfi_def_cfa_register 7
 215 0006 7860     		str	r0, [r7, #4]
 216 0008 3960     		str	r1, [r7]
 181:../Generated_Code/DrvDac2V.c ****   (void)DeviceDataPtr;                 /* Parameter not used, suppress not used argument warning */
 182:../Generated_Code/DrvDac2V.c ****   DAC_PDD_SetData(DAC0_BASE_PTR,(uint16_t)Data,0U);
 217              		.loc 1 182 0
 218 000a 0D4B     		ldr	r3, .L10
 219 000c 3A68     		ldr	r2, [r7]
 220 000e D2B2     		uxtb	r2, r2
 221 0010 1A70     		strb	r2, [r3]
 222 0012 0B4B     		ldr	r3, .L10
 223 0014 0A4A     		ldr	r2, .L10
 224 0016 5278     		ldrb	r2, [r2, #1]
 225 0018 D2B2     		uxtb	r2, r2
 226 001a D2B2     		uxtb	r2, r2
 227 001c 0F21     		mov	r1, #15
 228 001e 8A43     		bic	r2, r1
 229 0020 D1B2     		uxtb	r1, r2
 230 0022 3A68     		ldr	r2, [r7]
 231 0024 92B2     		uxth	r2, r2
 232 0026 120A     		lsr	r2, r2, #8
 233 0028 92B2     		uxth	r2, r2
 234 002a D2B2     		uxtb	r2, r2
 235 002c 0A43     		orr	r2, r1
 236 002e D2B2     		uxtb	r2, r2
 237 0030 D2B2     		uxtb	r2, r2
 238 0032 5A70     		strb	r2, [r3, #1]
 183:../Generated_Code/DrvDac2V.c ****   return ERR_OK;
 239              		.loc 1 183 0
 240 0034 0023     		mov	r3, #0
 184:../Generated_Code/DrvDac2V.c **** }
 241              		.loc 1 184 0
 242 0036 181C     		mov	r0, r3
 243 0038 BD46     		mov	sp, r7
 244 003a 02B0     		add	sp, sp, #8
 245              		@ sp needed for prologue
 246 003c 80BD     		pop	{r7, pc}
 247              	.L11:
 248 003e C046     		.align	2
 249              	.L10:
 250 0040 00F00340 		.word	1073999872
 251              		.cfi_endproc
 252              	.LFE2:
 254              		.text
 255              	.Letext0:
 256              		.file 2 "C:/Freescale/CW MCU v10.3/MCU/ARM_GCC_Support/ewl/EWL_C/include/cstdint"
 257              		.file 3 "E:/CW103_Work_Space/Mqx_Lite_Test/MQXLITE/psp/cortex_m/psptypes.h"
 258              		.file 4 "E:/CW103_Work_Space/Mqx_Lite_Test/Generated_Code/IO_Map.h"
 259              		.file 5 "../Generated_Code/PE_LDD.h"
DEFINED SYMBOLS
                            *ABS*:00000000 DrvDac2V.c
C:\DOCUME~1\SNAKUL~1.DEL\LOCALS~1\Temp\ccdRfI8t.s:18     .bss.DeviceDataPtr__DEFAULT_RTOS_ALLOC:00000000 $d
C:\DOCUME~1\SNAKUL~1.DEL\LOCALS~1\Temp\ccdRfI8t.s:21     .bss.DeviceDataPtr__DEFAULT_RTOS_ALLOC:00000000 DeviceDataPtr__DEFAULT_RTOS_ALLOC
C:\DOCUME~1\SNAKUL~1.DEL\LOCALS~1\Temp\ccdRfI8t.s:24     .text.DrvDac2V_Init:00000000 $t
C:\DOCUME~1\SNAKUL~1.DEL\LOCALS~1\Temp\ccdRfI8t.s:29     .text.DrvDac2V_Init:00000000 DrvDac2V_Init
C:\DOCUME~1\SNAKUL~1.DEL\LOCALS~1\Temp\ccdRfI8t.s:128    .text.DrvDac2V_Init:00000088 $d
C:\DOCUME~1\SNAKUL~1.DEL\LOCALS~1\Temp\ccdRfI8t.s:139    .text.DrvDac2V_Deinit:00000000 $t
C:\DOCUME~1\SNAKUL~1.DEL\LOCALS~1\Temp\ccdRfI8t.s:144    .text.DrvDac2V_Deinit:00000000 DrvDac2V_Deinit
C:\DOCUME~1\SNAKUL~1.DEL\LOCALS~1\Temp\ccdRfI8t.s:188    .text.DrvDac2V_Deinit:00000034 $d
C:\DOCUME~1\SNAKUL~1.DEL\LOCALS~1\Temp\ccdRfI8t.s:195    .text.DrvDac2V_SetValue:00000000 $t
C:\DOCUME~1\SNAKUL~1.DEL\LOCALS~1\Temp\ccdRfI8t.s:200    .text.DrvDac2V_SetValue:00000000 DrvDac2V_SetValue
C:\DOCUME~1\SNAKUL~1.DEL\LOCALS~1\Temp\ccdRfI8t.s:250    .text.DrvDac2V_SetValue:00000040 $d
                     .debug_frame:00000010 $d

UNDEFINED SYMBOLS
PE_LDD_DeviceDataList
