   1              		.cpu cortex-m0
   2              		.fpu softvfp
   3              		.eabi_attribute 20, 1
   4              		.eabi_attribute 21, 1
   5              		.eabi_attribute 23, 3
   6              		.eabi_attribute 24, 1
   7              		.eabi_attribute 25, 1
   8              		.eabi_attribute 26, 1
   9              		.eabi_attribute 30, 6
  10              		.eabi_attribute 34, 0
  11              		.eabi_attribute 18, 4
  12              		.code	16
  13              		.file	"int_vtab.c"
  14              		.text
  15              	.Ltext0:
  16              		.cfi_sections	.debug_frame
  17              		.section	.text._int_set_vector_table,"ax",%progbits
  18              		.align	2
  19              		.global	_int_set_vector_table
  20              		.code	16
  21              		.thumb_func
  23              	_int_set_vector_table:
  24              	.LFB0:
  25              		.file 1 "../MQXLITE/psp/cortex_m/int_vtab.c"
   1:../MQXLITE/psp/cortex_m/int_vtab.c **** /*HEADER*********************************************************************
   2:../MQXLITE/psp/cortex_m/int_vtab.c **** *
   3:../MQXLITE/psp/cortex_m/int_vtab.c **** * Copyright (c) 2010 Freescale Semiconductor;
   4:../MQXLITE/psp/cortex_m/int_vtab.c **** * All Rights Reserved
   5:../MQXLITE/psp/cortex_m/int_vtab.c **** *
   6:../MQXLITE/psp/cortex_m/int_vtab.c **** ***************************************************************************
   7:../MQXLITE/psp/cortex_m/int_vtab.c **** *
   8:../MQXLITE/psp/cortex_m/int_vtab.c **** * THIS SOFTWARE IS PROVIDED BY FREESCALE "AS IS" AND ANY EXPRESSED OR
   9:../MQXLITE/psp/cortex_m/int_vtab.c **** * IMPLIED WARRANTIES, INCLUDING, BUT NOT LIMITED TO, THE IMPLIED WARRANTIES
  10:../MQXLITE/psp/cortex_m/int_vtab.c **** * OF MERCHANTABILITY AND FITNESS FOR A PARTICULAR PURPOSE ARE DISCLAIMED.
  11:../MQXLITE/psp/cortex_m/int_vtab.c **** * IN NO EVENT SHALL FREESCALE OR ITS CONTRIBUTORS BE LIABLE FOR ANY DIRECT,
  12:../MQXLITE/psp/cortex_m/int_vtab.c **** * INDIRECT, INCIDENTAL, SPECIAL, EXEMPLARY, OR CONSEQUENTIAL DAMAGES
  13:../MQXLITE/psp/cortex_m/int_vtab.c **** * (INCLUDING, BUT NOT LIMITED TO, PROCUREMENT OF SUBSTITUTE GOODS OR
  14:../MQXLITE/psp/cortex_m/int_vtab.c **** * SERVICES; LOSS OF USE, DATA, OR PROFITS; OR BUSINESS INTERRUPTION)
  15:../MQXLITE/psp/cortex_m/int_vtab.c **** * HOWEVER CAUSED AND ON ANY THEORY OF LIABILITY, WHETHER IN CONTRACT,
  16:../MQXLITE/psp/cortex_m/int_vtab.c **** * STRICT LIABILITY, OR TORT (INCLUDING NEGLIGENCE OR OTHERWISE) ARISING
  17:../MQXLITE/psp/cortex_m/int_vtab.c **** * IN ANY WAY OUT OF THE USE OF THIS SOFTWARE, EVEN IF ADVISED OF
  18:../MQXLITE/psp/cortex_m/int_vtab.c **** * THE POSSIBILITY OF SUCH DAMAGE.
  19:../MQXLITE/psp/cortex_m/int_vtab.c **** *
  20:../MQXLITE/psp/cortex_m/int_vtab.c **** **************************************************************************
  21:../MQXLITE/psp/cortex_m/int_vtab.c **** *
  22:../MQXLITE/psp/cortex_m/int_vtab.c **** * $FileName: int_vtab.c$
  23:../MQXLITE/psp/cortex_m/int_vtab.c **** * $Version : 3.8.5.0$
  24:../MQXLITE/psp/cortex_m/int_vtab.c **** * $Date    : Aug-30-2011$
  25:../MQXLITE/psp/cortex_m/int_vtab.c **** *
  26:../MQXLITE/psp/cortex_m/int_vtab.c **** * Comments:
  27:../MQXLITE/psp/cortex_m/int_vtab.c **** *
  28:../MQXLITE/psp/cortex_m/int_vtab.c **** *   This file contains the functions used to access the vector
  29:../MQXLITE/psp/cortex_m/int_vtab.c **** *   table locations.
  30:../MQXLITE/psp/cortex_m/int_vtab.c **** *
  31:../MQXLITE/psp/cortex_m/int_vtab.c **** *END************************************************************************/
  32:../MQXLITE/psp/cortex_m/int_vtab.c **** 
  33:../MQXLITE/psp/cortex_m/int_vtab.c **** #include "mqx_inc.h"
  34:../MQXLITE/psp/cortex_m/int_vtab.c **** 
  35:../MQXLITE/psp/cortex_m/int_vtab.c **** #if MQX_USE_INTERRUPTS
  36:../MQXLITE/psp/cortex_m/int_vtab.c **** /*!
  37:../MQXLITE/psp/cortex_m/int_vtab.c ****  * \brief Changes the location of the interrupt vector table.
  38:../MQXLITE/psp/cortex_m/int_vtab.c ****  *
  39:../MQXLITE/psp/cortex_m/int_vtab.c ****  * \param[in] addr Address of the new interrupt vector table.
  40:../MQXLITE/psp/cortex_m/int_vtab.c ****  *
  41:../MQXLITE/psp/cortex_m/int_vtab.c ****  * \return Address of the previous vector table.
  42:../MQXLITE/psp/cortex_m/int_vtab.c ****  *
  43:../MQXLITE/psp/cortex_m/int_vtab.c ****  * \warning Behavior depends on the BSP and the PSP.
  44:../MQXLITE/psp/cortex_m/int_vtab.c ****  *
  45:../MQXLITE/psp/cortex_m/int_vtab.c ****  * \see _int_get_vector_table
  46:../MQXLITE/psp/cortex_m/int_vtab.c ****  * \see _int_get_previous_vector_table
  47:../MQXLITE/psp/cortex_m/int_vtab.c ****  */
  48:../MQXLITE/psp/cortex_m/int_vtab.c **** _psp_code_addr _int_set_vector_table
  49:../MQXLITE/psp/cortex_m/int_vtab.c **** (
  50:../MQXLITE/psp/cortex_m/int_vtab.c ****     _psp_code_addr addr
  51:../MQXLITE/psp/cortex_m/int_vtab.c **** )
  52:../MQXLITE/psp/cortex_m/int_vtab.c **** { /* Body */
  26              		.loc 1 52 0
  27              		.cfi_startproc
  28 0000 80B5     		push	{r7, lr}
  29              	.LCFI0:
  30              		.cfi_def_cfa_offset 8
  31              		.cfi_offset 7, -8
  32              		.cfi_offset 14, -4
  33 0002 84B0     		sub	sp, sp, #16
  34              	.LCFI1:
  35              		.cfi_def_cfa_offset 24
  36 0004 00AF     		add	r7, sp, #0
  37              	.LCFI2:
  38              		.cfi_def_cfa_register 7
  39 0006 7860     		str	r0, [r7, #4]
  53:../MQXLITE/psp/cortex_m/int_vtab.c ****    _psp_code_addr         old;
  54:../MQXLITE/psp/cortex_m/int_vtab.c **** #if MQX_EXIT_ENABLED
  55:../MQXLITE/psp/cortex_m/int_vtab.c ****    KERNEL_DATA_STRUCT_PTR kernel_data;
  56:../MQXLITE/psp/cortex_m/int_vtab.c **** 
  57:../MQXLITE/psp/cortex_m/int_vtab.c ****    _GET_KERNEL_DATA(kernel_data);
  40              		.loc 1 57 0
  41 0008 0B4B     		ldr	r3, .L3
  42 000a 1B68     		ldr	r3, [r3]
  43 000c FB60     		str	r3, [r7, #12]
  58:../MQXLITE/psp/cortex_m/int_vtab.c ****    kernel_data->USERS_VBR = addr;
  44              		.loc 1 58 0
  45 000e FA68     		ldr	r2, [r7, #12]
  46 0010 8D23     		mov	r3, #141
  47 0012 9B00     		lsl	r3, r3, #2
  48 0014 7968     		ldr	r1, [r7, #4]
  49 0016 D150     		str	r1, [r2, r3]
  59:../MQXLITE/psp/cortex_m/int_vtab.c **** #endif
  60:../MQXLITE/psp/cortex_m/int_vtab.c **** 
  61:../MQXLITE/psp/cortex_m/int_vtab.c ****    old = _PSP_GET_VTOR();
  50              		.loc 1 61 0
  51 0018 E023     		mov	r3, #224
  52 001a 1A06     		lsl	r2, r3, #24
  53 001c 074B     		ldr	r3, .L3+4
  54 001e D358     		ldr	r3, [r2, r3]
  55 0020 BB60     		str	r3, [r7, #8]
  62:../MQXLITE/psp/cortex_m/int_vtab.c ****    _PSP_SET_VTOR(addr);
  56              		.loc 1 62 0
  57 0022 E023     		mov	r3, #224
  58 0024 1A06     		lsl	r2, r3, #24
  59 0026 054B     		ldr	r3, .L3+4
  60 0028 7968     		ldr	r1, [r7, #4]
  61 002a D150     		str	r1, [r2, r3]
  63:../MQXLITE/psp/cortex_m/int_vtab.c **** 
  64:../MQXLITE/psp/cortex_m/int_vtab.c ****    return (old);
  62              		.loc 1 64 0
  63 002c BB68     		ldr	r3, [r7, #8]
  65:../MQXLITE/psp/cortex_m/int_vtab.c **** 
  66:../MQXLITE/psp/cortex_m/int_vtab.c **** } /* Endbody */
  64              		.loc 1 66 0
  65 002e 181C     		mov	r0, r3
  66 0030 BD46     		mov	sp, r7
  67 0032 04B0     		add	sp, sp, #16
  68              		@ sp needed for prologue
  69 0034 80BD     		pop	{r7, pc}
  70              	.L4:
  71 0036 C046     		.align	2
  72              	.L3:
  73 0038 00000000 		.word	_mqx_kernel_data
  74 003c 08ED0000 		.word	60680
  75              		.cfi_endproc
  76              	.LFE0:
  78              		.section	.text._int_get_vector_table,"ax",%progbits
  79              		.align	2
  80              		.global	_int_get_vector_table
  81              		.code	16
  82              		.thumb_func
  84              	_int_get_vector_table:
  85              	.LFB1:
  67:../MQXLITE/psp/cortex_m/int_vtab.c **** 
  68:../MQXLITE/psp/cortex_m/int_vtab.c **** /*!
  69:../MQXLITE/psp/cortex_m/int_vtab.c ****  * \brief Gets the address of the current interrupt vector table. The function
  70:../MQXLITE/psp/cortex_m/int_vtab.c ****  * depends on the PSP.
  71:../MQXLITE/psp/cortex_m/int_vtab.c ****  *
  72:../MQXLITE/psp/cortex_m/int_vtab.c ****  * \return Address of the current interrupt vector table.
  73:../MQXLITE/psp/cortex_m/int_vtab.c ****  *
  74:../MQXLITE/psp/cortex_m/int_vtab.c ****  * \see _int_set_vector_table
  75:../MQXLITE/psp/cortex_m/int_vtab.c ****  * \see _int_get_previous_vector_table
  76:../MQXLITE/psp/cortex_m/int_vtab.c ****  */
  77:../MQXLITE/psp/cortex_m/int_vtab.c **** _psp_code_addr _int_get_vector_table
  78:../MQXLITE/psp/cortex_m/int_vtab.c **** (
  79:../MQXLITE/psp/cortex_m/int_vtab.c ****     void
  80:../MQXLITE/psp/cortex_m/int_vtab.c **** )
  81:../MQXLITE/psp/cortex_m/int_vtab.c **** {
  86              		.loc 1 81 0
  87              		.cfi_startproc
  88 0000 80B5     		push	{r7, lr}
  89              	.LCFI3:
  90              		.cfi_def_cfa_offset 8
  91              		.cfi_offset 7, -8
  92              		.cfi_offset 14, -4
  93 0002 00AF     		add	r7, sp, #0
  94              	.LCFI4:
  95              		.cfi_def_cfa_register 7
  82:../MQXLITE/psp/cortex_m/int_vtab.c ****     return _PSP_GET_VTOR();
  96              		.loc 1 82 0
  97 0004 E023     		mov	r3, #224
  98 0006 1A06     		lsl	r2, r3, #24
  99 0008 024B     		ldr	r3, .L7
 100 000a D358     		ldr	r3, [r2, r3]
  83:../MQXLITE/psp/cortex_m/int_vtab.c **** }
 101              		.loc 1 83 0
 102 000c 181C     		mov	r0, r3
 103 000e BD46     		mov	sp, r7
 104              		@ sp needed for prologue
 105 0010 80BD     		pop	{r7, pc}
 106              	.L8:
 107 0012 C046     		.align	2
 108              	.L7:
 109 0014 08ED0000 		.word	60680
 110              		.cfi_endproc
 111              	.LFE1:
 113              		.text
 114              	.Letext0:
 115              		.file 2 "E:/CW103_Work_Space/Mqx_Lite_Test/MQXLITE/psp/cortex_m/psptypes.h"
 116              		.file 3 "E:/CW103_Work_Space/Mqx_Lite_Test/MQXLITE/include/mqxlite.h"
 117              		.file 4 "E:/CW103_Work_Space/Mqx_Lite_Test/MQXLITE/include/queue.h"
 118              		.file 5 "E:/CW103_Work_Space/Mqx_Lite_Test/MQXLITE/include/lwsem.h"
 119              		.file 6 "E:/CW103_Work_Space/Mqx_Lite_Test/MQXLITE/psp/cortex_m/cortex.h"
 120              		.file 7 "E:/CW103_Work_Space/Mqx_Lite_Test/MQXLITE/include/mqxlite_prv.h"
DEFINED SYMBOLS
                            *ABS*:00000000 int_vtab.c
C:\DOCUME~1\SNAKUL~1.DEL\LOCALS~1\Temp\ccZOZt85.s:18     .text._int_set_vector_table:00000000 $t
C:\DOCUME~1\SNAKUL~1.DEL\LOCALS~1\Temp\ccZOZt85.s:23     .text._int_set_vector_table:00000000 _int_set_vector_table
C:\DOCUME~1\SNAKUL~1.DEL\LOCALS~1\Temp\ccZOZt85.s:73     .text._int_set_vector_table:00000038 $d
C:\DOCUME~1\SNAKUL~1.DEL\LOCALS~1\Temp\ccZOZt85.s:79     .text._int_get_vector_table:00000000 $t
C:\DOCUME~1\SNAKUL~1.DEL\LOCALS~1\Temp\ccZOZt85.s:84     .text._int_get_vector_table:00000000 _int_get_vector_table
C:\DOCUME~1\SNAKUL~1.DEL\LOCALS~1\Temp\ccZOZt85.s:109    .text._int_get_vector_table:00000014 $d
                     .debug_frame:00000010 $d

UNDEFINED SYMBOLS
_mqx_kernel_data
