   1              		.cpu cortex-m0
   2              		.fpu softvfp
   3              		.eabi_attribute 20, 1
   4              		.eabi_attribute 21, 1
   5              		.eabi_attribute 23, 3
   6              		.eabi_attribute 24, 1
   7              		.eabi_attribute 25, 1
   8              		.eabi_attribute 26, 1
   9              		.eabi_attribute 30, 6
  10              		.eabi_attribute 34, 0
  11              		.eabi_attribute 18, 4
  12              		.code	16
  13              		.file	"psp_tiad.c"
  14              		.text
  15              	.Ltext0:
  16              		.cfi_sections	.debug_frame
  17              		.section	.text._psp_add_ticks,"ax",%progbits
  18              		.align	2
  19              		.global	_psp_add_ticks
  20              		.code	16
  21              		.thumb_func
  23              	_psp_add_ticks:
  24              	.LFB0:
  25              		.file 1 "../MQXLITE/psp/cortex_m/psp_tiad.c"
   1:../MQXLITE/psp/cortex_m/psp_tiad.c **** /**HEADER********************************************************************
   2:../MQXLITE/psp/cortex_m/psp_tiad.c **** *
   3:../MQXLITE/psp/cortex_m/psp_tiad.c **** * Copyright (c) 2010 Freescale Semiconductor
   4:../MQXLITE/psp/cortex_m/psp_tiad.c **** * All Rights Reserved
   5:../MQXLITE/psp/cortex_m/psp_tiad.c **** *
   6:../MQXLITE/psp/cortex_m/psp_tiad.c **** ***************************************************************************
   7:../MQXLITE/psp/cortex_m/psp_tiad.c **** *
   8:../MQXLITE/psp/cortex_m/psp_tiad.c **** * THIS SOFTWARE IS PROVIDED BY FREESCALE "AS IS" AND ANY EXPRESSED OR
   9:../MQXLITE/psp/cortex_m/psp_tiad.c **** * IMPLIED WARRANTIES, INCLUDING, BUT NOT LIMITED TO, THE IMPLIED WARRANTIES
  10:../MQXLITE/psp/cortex_m/psp_tiad.c **** * OF MERCHANTABILITY AND FITNESS FOR A PARTICULAR PURPOSE ARE DISCLAIMED.
  11:../MQXLITE/psp/cortex_m/psp_tiad.c **** * IN NO EVENT SHALL FREESCALE OR ITS CONTRIBUTORS BE LIABLE FOR ANY DIRECT,
  12:../MQXLITE/psp/cortex_m/psp_tiad.c **** * INDIRECT, INCIDENTAL, SPECIAL, EXEMPLARY, OR CONSEQUENTIAL DAMAGES
  13:../MQXLITE/psp/cortex_m/psp_tiad.c **** * (INCLUDING, BUT NOT LIMITED TO, PROCUREMENT OF SUBSTITUTE GOODS OR
  14:../MQXLITE/psp/cortex_m/psp_tiad.c **** * SERVICES; LOSS OF USE, DATA, OR PROFITS; OR BUSINESS INTERRUPTION)
  15:../MQXLITE/psp/cortex_m/psp_tiad.c **** * HOWEVER CAUSED AND ON ANY THEORY OF LIABILITY, WHETHER IN CONTRACT,
  16:../MQXLITE/psp/cortex_m/psp_tiad.c **** * STRICT LIABILITY, OR TORT (INCLUDING NEGLIGENCE OR OTHERWISE) ARISING
  17:../MQXLITE/psp/cortex_m/psp_tiad.c **** * IN ANY WAY OUT OF THE USE OF THIS SOFTWARE, EVEN IF ADVISED OF
  18:../MQXLITE/psp/cortex_m/psp_tiad.c **** * THE POSSIBILITY OF SUCH DAMAGE.
  19:../MQXLITE/psp/cortex_m/psp_tiad.c **** *
  20:../MQXLITE/psp/cortex_m/psp_tiad.c **** **************************************************************************
  21:../MQXLITE/psp/cortex_m/psp_tiad.c **** *
  22:../MQXLITE/psp/cortex_m/psp_tiad.c **** * $FileName: psp_tiad.c$
  23:../MQXLITE/psp/cortex_m/psp_tiad.c **** * $Version : 3.7.3.0$
  24:../MQXLITE/psp/cortex_m/psp_tiad.c **** * $Date    : Feb-7-2011$
  25:../MQXLITE/psp/cortex_m/psp_tiad.c **** *
  26:../MQXLITE/psp/cortex_m/psp_tiad.c **** * Comments:
  27:../MQXLITE/psp/cortex_m/psp_tiad.c **** *   This file contains the function for adding two tick structs
  28:../MQXLITE/psp/cortex_m/psp_tiad.c **** *
  29:../MQXLITE/psp/cortex_m/psp_tiad.c **** *END************************************************************************/
  30:../MQXLITE/psp/cortex_m/psp_tiad.c **** 
  31:../MQXLITE/psp/cortex_m/psp_tiad.c **** #include "mqx_inc.h"
  32:../MQXLITE/psp/cortex_m/psp_tiad.c **** 
  33:../MQXLITE/psp/cortex_m/psp_tiad.c **** #if MQX_HAS_TICK
  34:../MQXLITE/psp/cortex_m/psp_tiad.c **** 
  35:../MQXLITE/psp/cortex_m/psp_tiad.c **** /*FUNCTION*-------------------------------------------------------------------
  36:../MQXLITE/psp/cortex_m/psp_tiad.c ****  *
  37:../MQXLITE/psp/cortex_m/psp_tiad.c ****  * Function Name    : _psp_add_ticks
  38:../MQXLITE/psp/cortex_m/psp_tiad.c ****  * Returned Value   : none
  39:../MQXLITE/psp/cortex_m/psp_tiad.c ****  * Comments         : Adds two PSP tick structure together, including hardware
  40:../MQXLITE/psp/cortex_m/psp_tiad.c ****  *   ticks
  41:../MQXLITE/psp/cortex_m/psp_tiad.c ****  *
  42:../MQXLITE/psp/cortex_m/psp_tiad.c ****  *END*----------------------------------------------------------------------*/
  43:../MQXLITE/psp/cortex_m/psp_tiad.c **** 
  44:../MQXLITE/psp/cortex_m/psp_tiad.c **** void _psp_add_ticks
  45:../MQXLITE/psp/cortex_m/psp_tiad.c ****    (
  46:../MQXLITE/psp/cortex_m/psp_tiad.c ****        /* [IN] The two structures to add - both must be normalized */
  47:../MQXLITE/psp/cortex_m/psp_tiad.c ****        PSP_TICK_STRUCT_PTR a_ptr,
  48:../MQXLITE/psp/cortex_m/psp_tiad.c ****        PSP_TICK_STRUCT_PTR b_ptr,
  49:../MQXLITE/psp/cortex_m/psp_tiad.c **** 
  50:../MQXLITE/psp/cortex_m/psp_tiad.c ****        /* [OUT] The result of the addition */
  51:../MQXLITE/psp/cortex_m/psp_tiad.c ****        PSP_TICK_STRUCT_PTR r_ptr
  52:../MQXLITE/psp/cortex_m/psp_tiad.c ****    )
  53:../MQXLITE/psp/cortex_m/psp_tiad.c **** { /* Body */
  26              		.loc 1 53 0
  27              		.cfi_startproc
  28 0000 F0B5     		push	{r4, r5, r6, r7, lr}
  29              	.LCFI0:
  30              		.cfi_def_cfa_offset 20
  31              		.cfi_offset 4, -20
  32              		.cfi_offset 5, -16
  33              		.cfi_offset 6, -12
  34              		.cfi_offset 7, -8
  35              		.cfi_offset 14, -4
  36 0002 4746     		mov	r7, r8
  37 0004 80B4     		push	{r7}
  38              	.LCFI1:
  39              		.cfi_def_cfa_offset 24
  40              		.cfi_offset 8, -24
  41 0006 84B0     		sub	sp, sp, #16
  42              	.LCFI2:
  43              		.cfi_def_cfa_offset 40
  44 0008 00AF     		add	r7, sp, #0
  45              	.LCFI3:
  46              		.cfi_def_cfa_register 7
  47 000a F860     		str	r0, [r7, #12]
  48 000c B960     		str	r1, [r7, #8]
  49 000e 7A60     		str	r2, [r7, #4]
  54:../MQXLITE/psp/cortex_m/psp_tiad.c ****    register uint_32       a_hw_ticks;
  55:../MQXLITE/psp/cortex_m/psp_tiad.c ****    register uint_32       b_hw_ticks;
  56:../MQXLITE/psp/cortex_m/psp_tiad.c ****    register uint_32       hwtpt;
  57:../MQXLITE/psp/cortex_m/psp_tiad.c **** 
  58:../MQXLITE/psp/cortex_m/psp_tiad.c ****    r_ptr->TICKS[0] = a_ptr->TICKS[0] + b_ptr->TICKS[0];
  50              		.loc 1 58 0
  51 0010 FB68     		ldr	r3, [r7, #12]
  52 0012 1968     		ldr	r1, [r3]
  53 0014 5A68     		ldr	r2, [r3, #4]
  54 0016 BB68     		ldr	r3, [r7, #8]
  55 0018 5C68     		ldr	r4, [r3, #4]
  56 001a 1B68     		ldr	r3, [r3]
  57 001c 5B18     		add	r3, r3, r1
  58 001e 5441     		adc	r4, r4, r2
  59 0020 7A68     		ldr	r2, [r7, #4]
  60 0022 1360     		str	r3, [r2]
  61 0024 5460     		str	r4, [r2, #4]
  59:../MQXLITE/psp/cortex_m/psp_tiad.c **** 
  60:../MQXLITE/psp/cortex_m/psp_tiad.c ****    a_hw_ticks  = a_ptr->HW_TICKS[0];
  62              		.loc 1 60 0
  63 0026 FB68     		ldr	r3, [r7, #12]
  64 0028 9E68     		ldr	r6, [r3, #8]
  61:../MQXLITE/psp/cortex_m/psp_tiad.c ****    b_hw_ticks  = b_ptr->HW_TICKS[0];
  65              		.loc 1 61 0
  66 002a BB68     		ldr	r3, [r7, #8]
  67 002c 9D68     		ldr	r5, [r3, #8]
  62:../MQXLITE/psp/cortex_m/psp_tiad.c **** 
  63:../MQXLITE/psp/cortex_m/psp_tiad.c ****    hwtpt = _mqx_kernel_data->HW_TICKS_PER_TICK;
  68              		.loc 1 63 0
  69 002e 114B     		ldr	r3, .L4
  70 0030 1A68     		ldr	r2, [r3]
  71 0032 A223     		mov	r3, #162
  72 0034 5B00     		lsl	r3, r3, #1
  73 0036 D158     		ldr	r1, [r2, r3]
  74 0038 8846     		mov	r8, r1
  64:../MQXLITE/psp/cortex_m/psp_tiad.c **** 
  65:../MQXLITE/psp/cortex_m/psp_tiad.c ****    if ( a_hw_ticks >= (hwtpt - b_hw_ticks)) {
  75              		.loc 1 65 0
  76 003a 4246     		mov	r2, r8
  77 003c 531B     		sub	r3, r2, r5
  78 003e B342     		cmp	r3, r6
  79 0040 0FD8     		bhi	.L2
  66:../MQXLITE/psp/cortex_m/psp_tiad.c ****       r_ptr->TICKS[0]++;
  80              		.loc 1 66 0
  81 0042 7B68     		ldr	r3, [r7, #4]
  82 0044 1968     		ldr	r1, [r3]
  83 0046 5A68     		ldr	r2, [r3, #4]
  84 0048 0123     		mov	r3, #1
  85 004a 0024     		mov	r4, #0
  86 004c 5B18     		add	r3, r3, r1
  87 004e 5441     		adc	r4, r4, r2
  88 0050 7A68     		ldr	r2, [r7, #4]
  89 0052 1360     		str	r3, [r2]
  90 0054 5460     		str	r4, [r2, #4]
  67:../MQXLITE/psp/cortex_m/psp_tiad.c ****       r_ptr->HW_TICKS[0] = a_hw_ticks + (b_hw_ticks - hwtpt);
  91              		.loc 1 67 0
  92 0056 4146     		mov	r1, r8
  93 0058 6B1A     		sub	r3, r5, r1
  94 005a 9A19     		add	r2, r3, r6
  95 005c 7B68     		ldr	r3, [r7, #4]
  96 005e 9A60     		str	r2, [r3, #8]
  97 0060 02E0     		b	.L1
  98              	.L2:
  68:../MQXLITE/psp/cortex_m/psp_tiad.c ****    } else {
  69:../MQXLITE/psp/cortex_m/psp_tiad.c ****       r_ptr->HW_TICKS[0] = a_hw_ticks + b_hw_ticks;
  99              		.loc 1 69 0
 100 0062 7219     		add	r2, r6, r5
 101 0064 7B68     		ldr	r3, [r7, #4]
 102 0066 9A60     		str	r2, [r3, #8]
 103              	.L1:
  70:../MQXLITE/psp/cortex_m/psp_tiad.c ****    } /* Endif */
  71:../MQXLITE/psp/cortex_m/psp_tiad.c **** 
  72:../MQXLITE/psp/cortex_m/psp_tiad.c **** } /* Endbody */
 104              		.loc 1 72 0
 105 0068 BD46     		mov	sp, r7
 106 006a 04B0     		add	sp, sp, #16
 107              		@ sp needed for prologue
 108 006c 04BC     		pop	{r2}
 109 006e 9046     		mov	r8, r2
 110 0070 F0BD     		pop	{r4, r5, r6, r7, pc}
 111              	.L5:
 112 0072 C046     		.align	2
 113              	.L4:
 114 0074 00000000 		.word	_mqx_kernel_data
 115              		.cfi_endproc
 116              	.LFE0:
 118              		.text
 119              	.Letext0:
 120              		.file 2 "E:/CW103_Work_Space/Mqx_Lite_Test/MQXLITE/psp/cortex_m/psptypes.h"
 121              		.file 3 "E:/CW103_Work_Space/Mqx_Lite_Test/MQXLITE/include/mqxlite.h"
 122              		.file 4 "E:/CW103_Work_Space/Mqx_Lite_Test/MQXLITE/include/queue.h"
 123              		.file 5 "E:/CW103_Work_Space/Mqx_Lite_Test/MQXLITE/include/lwsem.h"
 124              		.file 6 "E:/CW103_Work_Space/Mqx_Lite_Test/MQXLITE/psp/cortex_m/cortex.h"
 125              		.file 7 "E:/CW103_Work_Space/Mqx_Lite_Test/MQXLITE/include/mqxlite_prv.h"
 126              		.file 8 "E:/CW103_Work_Space/Mqx_Lite_Test/MQXLITE/psp/cortex_m/psp_ticks.h"
DEFINED SYMBOLS
                            *ABS*:00000000 psp_tiad.c
C:\DOCUME~1\SNAKUL~1.DEL\LOCALS~1\Temp\ccJ73WRh.s:18     .text._psp_add_ticks:00000000 $t
C:\DOCUME~1\SNAKUL~1.DEL\LOCALS~1\Temp\ccJ73WRh.s:23     .text._psp_add_ticks:00000000 _psp_add_ticks
C:\DOCUME~1\SNAKUL~1.DEL\LOCALS~1\Temp\ccJ73WRh.s:114    .text._psp_add_ticks:00000074 $d
                     .debug_frame:00000010 $d

UNDEFINED SYMBOLS
_mqx_kernel_data
