   1              		.cpu cortex-m0
   2              		.fpu softvfp
   3              		.eabi_attribute 20, 1
   4              		.eabi_attribute 21, 1
   5              		.eabi_attribute 23, 3
   6              		.eabi_attribute 24, 1
   7              		.eabi_attribute 25, 1
   8              		.eabi_attribute 26, 1
   9              		.eabi_attribute 30, 6
  10              		.eabi_attribute 34, 0
  11              		.eabi_attribute 18, 4
  12              		.code	16
  13              		.file	"psp_tinm.c"
  14              		.text
  15              	.Ltext0:
  16              		.cfi_sections	.debug_frame
  17              		.global	__aeabi_uidiv
  18              		.section	.text._psp_normalize_ticks,"ax",%progbits
  19              		.align	2
  20              		.global	_psp_normalize_ticks
  21              		.code	16
  22              		.thumb_func
  24              	_psp_normalize_ticks:
  25              	.LFB0:
  26              		.file 1 "../MQXLITE/psp/cortex_m/psp_tinm.c"
   1:../MQXLITE/psp/cortex_m/psp_tinm.c **** /**HEADER********************************************************************
   2:../MQXLITE/psp/cortex_m/psp_tinm.c **** *
   3:../MQXLITE/psp/cortex_m/psp_tinm.c **** * Copyright (c) 2010 Freescale Semiconductor
   4:../MQXLITE/psp/cortex_m/psp_tinm.c **** * All Rights Reserved
   5:../MQXLITE/psp/cortex_m/psp_tinm.c **** *
   6:../MQXLITE/psp/cortex_m/psp_tinm.c **** ***************************************************************************
   7:../MQXLITE/psp/cortex_m/psp_tinm.c **** *
   8:../MQXLITE/psp/cortex_m/psp_tinm.c **** * THIS SOFTWARE IS PROVIDED BY FREESCALE "AS IS" AND ANY EXPRESSED OR
   9:../MQXLITE/psp/cortex_m/psp_tinm.c **** * IMPLIED WARRANTIES, INCLUDING, BUT NOT LIMITED TO, THE IMPLIED WARRANTIES
  10:../MQXLITE/psp/cortex_m/psp_tinm.c **** * OF MERCHANTABILITY AND FITNESS FOR A PARTICULAR PURPOSE ARE DISCLAIMED.
  11:../MQXLITE/psp/cortex_m/psp_tinm.c **** * IN NO EVENT SHALL FREESCALE OR ITS CONTRIBUTORS BE LIABLE FOR ANY DIRECT,
  12:../MQXLITE/psp/cortex_m/psp_tinm.c **** * INDIRECT, INCIDENTAL, SPECIAL, EXEMPLARY, OR CONSEQUENTIAL DAMAGES
  13:../MQXLITE/psp/cortex_m/psp_tinm.c **** * (INCLUDING, BUT NOT LIMITED TO, PROCUREMENT OF SUBSTITUTE GOODS OR
  14:../MQXLITE/psp/cortex_m/psp_tinm.c **** * SERVICES; LOSS OF USE, DATA, OR PROFITS; OR BUSINESS INTERRUPTION)
  15:../MQXLITE/psp/cortex_m/psp_tinm.c **** * HOWEVER CAUSED AND ON ANY THEORY OF LIABILITY, WHETHER IN CONTRACT,
  16:../MQXLITE/psp/cortex_m/psp_tinm.c **** * STRICT LIABILITY, OR TORT (INCLUDING NEGLIGENCE OR OTHERWISE) ARISING
  17:../MQXLITE/psp/cortex_m/psp_tinm.c **** * IN ANY WAY OUT OF THE USE OF THIS SOFTWARE, EVEN IF ADVISED OF
  18:../MQXLITE/psp/cortex_m/psp_tinm.c **** * THE POSSIBILITY OF SUCH DAMAGE.
  19:../MQXLITE/psp/cortex_m/psp_tinm.c **** *
  20:../MQXLITE/psp/cortex_m/psp_tinm.c **** **************************************************************************
  21:../MQXLITE/psp/cortex_m/psp_tinm.c **** *
  22:../MQXLITE/psp/cortex_m/psp_tinm.c **** * $FileName: psp_tinm.c$
  23:../MQXLITE/psp/cortex_m/psp_tinm.c **** * $Version : 3.7.3.0$
  24:../MQXLITE/psp/cortex_m/psp_tinm.c **** * $Date    : Feb-7-2011$
  25:../MQXLITE/psp/cortex_m/psp_tinm.c **** *
  26:../MQXLITE/psp/cortex_m/psp_tinm.c **** * Comments:
  27:../MQXLITE/psp/cortex_m/psp_tinm.c **** *   This file contains the function for subtracting two tick structs
  28:../MQXLITE/psp/cortex_m/psp_tinm.c **** *
  29:../MQXLITE/psp/cortex_m/psp_tinm.c **** *END************************************************************************/
  30:../MQXLITE/psp/cortex_m/psp_tinm.c **** 
  31:../MQXLITE/psp/cortex_m/psp_tinm.c **** #include "mqx_inc.h"
  32:../MQXLITE/psp/cortex_m/psp_tinm.c **** #if MQX_HAS_TICK
  33:../MQXLITE/psp/cortex_m/psp_tinm.c **** 
  34:../MQXLITE/psp/cortex_m/psp_tinm.c **** /*FUNCTION*-------------------------------------------------------------------
  35:../MQXLITE/psp/cortex_m/psp_tinm.c ****  *
  36:../MQXLITE/psp/cortex_m/psp_tinm.c ****  * Function Name    : _psp_normalize_ticks
  37:../MQXLITE/psp/cortex_m/psp_tinm.c ****  * Returned Value   : none
  38:../MQXLITE/psp/cortex_m/psp_tinm.c ****  * Comments         : Normalizes ticks and partial ticks in a tick structure
  39:../MQXLITE/psp/cortex_m/psp_tinm.c ****  *
  40:../MQXLITE/psp/cortex_m/psp_tinm.c ****  *END*----------------------------------------------------------------------*/
  41:../MQXLITE/psp/cortex_m/psp_tinm.c **** 
  42:../MQXLITE/psp/cortex_m/psp_tinm.c **** void _psp_normalize_ticks
  43:../MQXLITE/psp/cortex_m/psp_tinm.c ****    (
  44:../MQXLITE/psp/cortex_m/psp_tinm.c ****        /* [IN/OUT] Tick structure to be normalized */
  45:../MQXLITE/psp/cortex_m/psp_tinm.c ****        PSP_TICK_STRUCT_PTR tick_ptr
  46:../MQXLITE/psp/cortex_m/psp_tinm.c ****    )
  47:../MQXLITE/psp/cortex_m/psp_tinm.c **** { /* Body */
  27              		.loc 1 47 0
  28              		.cfi_startproc
  29 0000 F0B5     		push	{r4, r5, r6, r7, lr}
  30              	.LCFI0:
  31              		.cfi_def_cfa_offset 20
  32              		.cfi_offset 4, -20
  33              		.cfi_offset 5, -16
  34              		.cfi_offset 6, -12
  35              		.cfi_offset 7, -8
  36              		.cfi_offset 14, -4
  37 0002 4746     		mov	r7, r8
  38 0004 80B4     		push	{r7}
  39              	.LCFI1:
  40              		.cfi_def_cfa_offset 24
  41              		.cfi_offset 8, -24
  42 0006 84B0     		sub	sp, sp, #16
  43              	.LCFI2:
  44              		.cfi_def_cfa_offset 40
  45 0008 00AF     		add	r7, sp, #0
  46              	.LCFI3:
  47              		.cfi_def_cfa_register 7
  48 000a 7860     		str	r0, [r7, #4]
  48:../MQXLITE/psp/cortex_m/psp_tinm.c ****    KERNEL_DATA_STRUCT_PTR  kernel_data;
  49:../MQXLITE/psp/cortex_m/psp_tinm.c ****    register uint_32        ticks_per_tick;
  50:../MQXLITE/psp/cortex_m/psp_tinm.c **** 
  51:../MQXLITE/psp/cortex_m/psp_tinm.c ****    _GET_KERNEL_DATA(kernel_data);
  49              		.loc 1 51 0
  50 000c 164B     		ldr	r3, .L3
  51 000e 1B68     		ldr	r3, [r3]
  52 0010 FB60     		str	r3, [r7, #12]
  52:../MQXLITE/psp/cortex_m/psp_tinm.c **** 
  53:../MQXLITE/psp/cortex_m/psp_tinm.c ****    ticks_per_tick = kernel_data->HW_TICKS_PER_TICK;
  53              		.loc 1 53 0
  54 0012 FA68     		ldr	r2, [r7, #12]
  55 0014 A223     		mov	r3, #162
  56 0016 5B00     		lsl	r3, r3, #1
  57 0018 D658     		ldr	r6, [r2, r3]
  54:../MQXLITE/psp/cortex_m/psp_tinm.c **** 
  55:../MQXLITE/psp/cortex_m/psp_tinm.c ****    if (tick_ptr->HW_TICKS[0] >= ticks_per_tick) {
  58              		.loc 1 55 0
  59 001a 7B68     		ldr	r3, [r7, #4]
  60 001c 9B68     		ldr	r3, [r3, #8]
  61 001e B342     		cmp	r3, r6
  62 0020 1DD3     		bcc	.L1
  63              	.LBB2:
  56:../MQXLITE/psp/cortex_m/psp_tinm.c ****       register uint_32 t = tick_ptr->HW_TICKS[0] / ticks_per_tick;
  64              		.loc 1 56 0
  65 0022 7B68     		ldr	r3, [r7, #4]
  66 0024 9B68     		ldr	r3, [r3, #8]
  67 0026 181C     		mov	r0, r3
  68 0028 311C     		mov	r1, r6
  69 002a FFF7FEFF 		bl	__aeabi_uidiv
  70 002e 031C     		mov	r3, r0
  71 0030 9846     		mov	r8, r3
  57:../MQXLITE/psp/cortex_m/psp_tinm.c ****       tick_ptr->TICKS[0] += t;
  72              		.loc 1 57 0
  73 0032 7B68     		ldr	r3, [r7, #4]
  74 0034 1A68     		ldr	r2, [r3]
  75 0036 5B68     		ldr	r3, [r3, #4]
  76 0038 4446     		mov	r4, r8
  77 003a 0021     		mov	r1, #0
  78 003c 0D1C     		mov	r5, r1
  79 003e 101C     		mov	r0, r2
  80 0040 191C     		mov	r1, r3
  81 0042 0019     		add	r0, r0, r4
  82 0044 6941     		adc	r1, r1, r5
  83 0046 031C     		mov	r3, r0
  84 0048 0C1C     		mov	r4, r1
  85 004a 7A68     		ldr	r2, [r7, #4]
  86 004c 1360     		str	r3, [r2]
  87 004e 5460     		str	r4, [r2, #4]
  58:../MQXLITE/psp/cortex_m/psp_tinm.c ****       tick_ptr->HW_TICKS[0] -= t * ticks_per_tick;
  88              		.loc 1 58 0
  89 0050 7B68     		ldr	r3, [r7, #4]
  90 0052 9A68     		ldr	r2, [r3, #8]
  91 0054 4346     		mov	r3, r8
  92 0056 7343     		mul	r3, r6
  93 0058 D21A     		sub	r2, r2, r3
  94 005a 7B68     		ldr	r3, [r7, #4]
  95 005c 9A60     		str	r2, [r3, #8]
  96              	.L1:
  97              	.LBE2:
  59:../MQXLITE/psp/cortex_m/psp_tinm.c ****    } /* Endif */
  60:../MQXLITE/psp/cortex_m/psp_tinm.c **** 
  61:../MQXLITE/psp/cortex_m/psp_tinm.c **** } /* Endbody */
  98              		.loc 1 61 0
  99 005e BD46     		mov	sp, r7
 100 0060 04B0     		add	sp, sp, #16
 101              		@ sp needed for prologue
 102 0062 04BC     		pop	{r2}
 103 0064 9046     		mov	r8, r2
 104 0066 F0BD     		pop	{r4, r5, r6, r7, pc}
 105              	.L4:
 106              		.align	2
 107              	.L3:
 108 0068 00000000 		.word	_mqx_kernel_data
 109              		.cfi_endproc
 110              	.LFE0:
 112              		.text
 113              	.Letext0:
 114              		.file 2 "E:/CW103_Work_Space/Mqx_Lite_Test/MQXLITE/psp/cortex_m/psptypes.h"
 115              		.file 3 "E:/CW103_Work_Space/Mqx_Lite_Test/MQXLITE/include/mqxlite.h"
 116              		.file 4 "E:/CW103_Work_Space/Mqx_Lite_Test/MQXLITE/include/queue.h"
 117              		.file 5 "E:/CW103_Work_Space/Mqx_Lite_Test/MQXLITE/include/lwsem.h"
 118              		.file 6 "E:/CW103_Work_Space/Mqx_Lite_Test/MQXLITE/psp/cortex_m/cortex.h"
 119              		.file 7 "E:/CW103_Work_Space/Mqx_Lite_Test/MQXLITE/include/mqxlite_prv.h"
 120              		.file 8 "E:/CW103_Work_Space/Mqx_Lite_Test/MQXLITE/psp/cortex_m/psp_ticks.h"
DEFINED SYMBOLS
                            *ABS*:00000000 psp_tinm.c
C:\DOCUME~1\SNAKUL~1.DEL\LOCALS~1\Temp\ccetuGEM.s:19     .text._psp_normalize_ticks:00000000 $t
C:\DOCUME~1\SNAKUL~1.DEL\LOCALS~1\Temp\ccetuGEM.s:24     .text._psp_normalize_ticks:00000000 _psp_normalize_ticks
C:\DOCUME~1\SNAKUL~1.DEL\LOCALS~1\Temp\ccetuGEM.s:108    .text._psp_normalize_ticks:00000068 $d
                     .debug_frame:00000010 $d

UNDEFINED SYMBOLS
__aeabi_uidiv
_mqx_kernel_data
