   1              		.cpu cortex-m0
   2              		.fpu softvfp
   3              		.eabi_attribute 20, 1
   4              		.eabi_attribute 21, 1
   5              		.eabi_attribute 23, 3
   6              		.eabi_attribute 24, 1
   7              		.eabi_attribute 25, 1
   8              		.eabi_attribute 26, 1
   9              		.eabi_attribute 30, 6
  10              		.eabi_attribute 34, 0
  11              		.eabi_attribute 18, 4
  12              		.code	16
  13              		.file	"psp_iinit.c"
  14              		.text
  15              	.Ltext0:
  16              		.cfi_sections	.debug_frame
  17              		.section	.text._psp_int_init,"ax",%progbits
  18              		.align	2
  19              		.global	_psp_int_init
  20              		.code	16
  21              		.thumb_func
  23              	_psp_int_init:
  24              	.LFB0:
  25              		.file 1 "../MQXLITE/psp/cortex_m/psp_iinit.c"
   1:../MQXLITE/psp/cortex_m/psp_iinit.c **** /**HEADER********************************************************************
   2:../MQXLITE/psp/cortex_m/psp_iinit.c **** *
   3:../MQXLITE/psp/cortex_m/psp_iinit.c **** * Copyright (c) 2010 Freescale Semiconductor
   4:../MQXLITE/psp/cortex_m/psp_iinit.c **** * All Rights Reserved
   5:../MQXLITE/psp/cortex_m/psp_iinit.c **** *
   6:../MQXLITE/psp/cortex_m/psp_iinit.c **** ***************************************************************************
   7:../MQXLITE/psp/cortex_m/psp_iinit.c **** *
   8:../MQXLITE/psp/cortex_m/psp_iinit.c **** * THIS SOFTWARE IS PROVIDED BY FREESCALE "AS IS" AND ANY EXPRESSED OR
   9:../MQXLITE/psp/cortex_m/psp_iinit.c **** * IMPLIED WARRANTIES, INCLUDING, BUT NOT LIMITED TO, THE IMPLIED WARRANTIES
  10:../MQXLITE/psp/cortex_m/psp_iinit.c **** * OF MERCHANTABILITY AND FITNESS FOR A PARTICULAR PURPOSE ARE DISCLAIMED.
  11:../MQXLITE/psp/cortex_m/psp_iinit.c **** * IN NO EVENT SHALL FREESCALE OR ITS CONTRIBUTORS BE LIABLE FOR ANY DIRECT,
  12:../MQXLITE/psp/cortex_m/psp_iinit.c **** * INDIRECT, INCIDENTAL, SPECIAL, EXEMPLARY, OR CONSEQUENTIAL DAMAGES
  13:../MQXLITE/psp/cortex_m/psp_iinit.c **** * (INCLUDING, BUT NOT LIMITED TO, PROCUREMENT OF SUBSTITUTE GOODS OR
  14:../MQXLITE/psp/cortex_m/psp_iinit.c **** * SERVICES; LOSS OF USE, DATA, OR PROFITS; OR BUSINESS INTERRUPTION)
  15:../MQXLITE/psp/cortex_m/psp_iinit.c **** * HOWEVER CAUSED AND ON ANY THEORY OF LIABILITY, WHETHER IN CONTRACT,
  16:../MQXLITE/psp/cortex_m/psp_iinit.c **** * STRICT LIABILITY, OR TORT (INCLUDING NEGLIGENCE OR OTHERWISE) ARISING
  17:../MQXLITE/psp/cortex_m/psp_iinit.c **** * IN ANY WAY OUT OF THE USE OF THIS SOFTWARE, EVEN IF ADVISED OF
  18:../MQXLITE/psp/cortex_m/psp_iinit.c **** * THE POSSIBILITY OF SUCH DAMAGE.
  19:../MQXLITE/psp/cortex_m/psp_iinit.c **** *
  20:../MQXLITE/psp/cortex_m/psp_iinit.c **** **************************************************************************
  21:../MQXLITE/psp/cortex_m/psp_iinit.c **** *
  22:../MQXLITE/psp/cortex_m/psp_iinit.c **** * $FileName: psp_iinit.c$
  23:../MQXLITE/psp/cortex_m/psp_iinit.c **** * $Version : 3.7.3.0$
  24:../MQXLITE/psp/cortex_m/psp_iinit.c **** * $Date    : Feb-7-2011$
  25:../MQXLITE/psp/cortex_m/psp_iinit.c **** *
  26:../MQXLITE/psp/cortex_m/psp_iinit.c **** * Comments:
  27:../MQXLITE/psp/cortex_m/psp_iinit.c **** *
  28:../MQXLITE/psp/cortex_m/psp_iinit.c **** *   This file contains the function for initializing
  29:../MQXLITE/psp/cortex_m/psp_iinit.c **** *   the handling of interrupts.
  30:../MQXLITE/psp/cortex_m/psp_iinit.c **** *
  31:../MQXLITE/psp/cortex_m/psp_iinit.c **** *END************************************************************************/
  32:../MQXLITE/psp/cortex_m/psp_iinit.c **** 
  33:../MQXLITE/psp/cortex_m/psp_iinit.c **** #include "mqx_inc.h"
  34:../MQXLITE/psp/cortex_m/psp_iinit.c **** 
  35:../MQXLITE/psp/cortex_m/psp_iinit.c **** /*FUNCTION*-------------------------------------------------------------------
  36:../MQXLITE/psp/cortex_m/psp_iinit.c **** *
  37:../MQXLITE/psp/cortex_m/psp_iinit.c **** * Function Name    : _psp_int_init
  38:../MQXLITE/psp/cortex_m/psp_iinit.c **** * Returned Value   : void
  39:../MQXLITE/psp/cortex_m/psp_iinit.c **** * Comments         :
  40:../MQXLITE/psp/cortex_m/psp_iinit.c **** *    This function initializes the kernel interrupt tables as well as the
  41:../MQXLITE/psp/cortex_m/psp_iinit.c **** * low level interrupt table.
  42:../MQXLITE/psp/cortex_m/psp_iinit.c **** *
  43:../MQXLITE/psp/cortex_m/psp_iinit.c **** *END*----------------------------------------------------------------------*/
  44:../MQXLITE/psp/cortex_m/psp_iinit.c **** 
  45:../MQXLITE/psp/cortex_m/psp_iinit.c **** _mqx_uint _psp_int_init
  46:../MQXLITE/psp/cortex_m/psp_iinit.c ****    (
  47:../MQXLITE/psp/cortex_m/psp_iinit.c ****       /* [IN] the first (lower) user ISR vector number */
  48:../MQXLITE/psp/cortex_m/psp_iinit.c ****       _mqx_uint       first_user_isr_vector_number,
  49:../MQXLITE/psp/cortex_m/psp_iinit.c **** 
  50:../MQXLITE/psp/cortex_m/psp_iinit.c ****       /* [IN] the last user ISR vector number */
  51:../MQXLITE/psp/cortex_m/psp_iinit.c ****       _mqx_uint       last_user_isr_vector_number
  52:../MQXLITE/psp/cortex_m/psp_iinit.c ****    )
  53:../MQXLITE/psp/cortex_m/psp_iinit.c **** { /* Body */
  26              		.loc 1 53 0
  27              		.cfi_startproc
  28 0000 80B5     		push	{r7, lr}
  29              	.LCFI0:
  30              		.cfi_def_cfa_offset 8
  31              		.cfi_offset 7, -8
  32              		.cfi_offset 14, -4
  33 0002 84B0     		sub	sp, sp, #16
  34              	.LCFI1:
  35              		.cfi_def_cfa_offset 24
  36 0004 00AF     		add	r7, sp, #0
  37              	.LCFI2:
  38              		.cfi_def_cfa_register 7
  39 0006 7860     		str	r0, [r7, #4]
  40 0008 3960     		str	r1, [r7]
  54:../MQXLITE/psp/cortex_m/psp_iinit.c ****    uint_32            error;
  55:../MQXLITE/psp/cortex_m/psp_iinit.c **** 
  56:../MQXLITE/psp/cortex_m/psp_iinit.c ****    /* Install kernel interrupt services */
  57:../MQXLITE/psp/cortex_m/psp_iinit.c ****    error = _int_init(first_user_isr_vector_number, last_user_isr_vector_number);
  41              		.loc 1 57 0
  42 000a 7A68     		ldr	r2, [r7, #4]
  43 000c 3B68     		ldr	r3, [r7]
  44 000e 101C     		mov	r0, r2
  45 0010 191C     		mov	r1, r3
  46 0012 FFF7FEFF 		bl	_int_init
  47 0016 031C     		mov	r3, r0
  48 0018 FB60     		str	r3, [r7, #12]
  58:../MQXLITE/psp/cortex_m/psp_iinit.c **** 
  59:../MQXLITE/psp/cortex_m/psp_iinit.c ****    /* Install PSP interrupt services */
  60:../MQXLITE/psp/cortex_m/psp_iinit.c ****    if (error == MQX_OK) {
  49              		.loc 1 60 0
  50 001a FB68     		ldr	r3, [r7, #12]
  51 001c 002B     		cmp	r3, #0
  52 001e 01D1     		bne	.L2
  61:../MQXLITE/psp/cortex_m/psp_iinit.c ****       _psp_int_install();
  53              		.loc 1 61 0
  54 0020 FFF7FEFF 		bl	_psp_int_install
  55              	.L2:
  62:../MQXLITE/psp/cortex_m/psp_iinit.c ****    } /* Endif */
  63:../MQXLITE/psp/cortex_m/psp_iinit.c **** 
  64:../MQXLITE/psp/cortex_m/psp_iinit.c ****    return error;
  56              		.loc 1 64 0
  57 0024 FB68     		ldr	r3, [r7, #12]
  65:../MQXLITE/psp/cortex_m/psp_iinit.c **** 
  66:../MQXLITE/psp/cortex_m/psp_iinit.c **** } /* Endbody */
  58              		.loc 1 66 0
  59 0026 181C     		mov	r0, r3
  60 0028 BD46     		mov	sp, r7
  61 002a 04B0     		add	sp, sp, #16
  62              		@ sp needed for prologue
  63 002c 80BD     		pop	{r7, pc}
  64              		.cfi_endproc
  65              	.LFE0:
  67 002e C046     		.text
  68              	.Letext0:
  69              		.file 2 "E:/CW103_Work_Space/Mqx_Lite_Test/MQXLITE/psp/cortex_m/psptypes.h"
DEFINED SYMBOLS
                            *ABS*:00000000 psp_iinit.c
C:\DOCUME~1\SNAKUL~1.DEL\LOCALS~1\Temp\ccY9ysmB.s:18     .text._psp_int_init:00000000 $t
C:\DOCUME~1\SNAKUL~1.DEL\LOCALS~1\Temp\ccY9ysmB.s:23     .text._psp_int_init:00000000 _psp_int_init
                     .debug_frame:00000010 $d

UNDEFINED SYMBOLS
_int_init
_psp_int_install
